<?xml version="1.0" encoding="UTF-8"?>
<!-- Generated by org.testng.reporters.JUnitXMLReporter -->
<testsuite ignored="0" hostname="192.168.1.5" failures="0" tests="3" name="General Store Hybrid Test Case" time="38.839" errors="0" timestamp="27 Sept 2024 09:55:14 GMT">
  <testcase classname="org.example.TestUtils.AndroidBaseTest" name="@BeforeClass ConfigureAppium" time="22.351">
    <failure type="org.openqa.selenium.SessionNotCreatedException" message="Could not start a new session. Response code 500. Message: An unknown server-side error occurred while processing the command. Original error: Could not find a connected Android device in 20000ms 
Host info: host: &amp;apos;192.168.1.5&amp;apos;, ip: &amp;apos;2401:4900:889a:5449:1585:e1b5:cc32:34ae%en0&amp;apos;
Build info: version: &amp;apos;4.25.0&amp;apos;, revision: &amp;apos;8a8aea2337&amp;apos;
System info: os.name: &amp;apos;Mac OS X&amp;apos;, os.arch: &amp;apos;aarch64&amp;apos;, os.version: &amp;apos;14.5&amp;apos;, java.version: &amp;apos;20.0.2&amp;apos;
Driver info: io.appium.java_client.android.AndroidDriver
Command: [null, newSession {capabilities=[Capabilities {appium:app: /Users/punchh_divyanshu/Des..., appium:automationName: UIAutomator2, appium:chromedriverExecutable: /Users/punchh_divyanshu/Dow..., appium:deviceName: Pixel 8 API 33 Emulator, platformName: ANDROID}]}]
Capabilities {appium:app: /Users/punchh_divyanshu/Des..., appium:automationName: UIAutomator2, appium:chromedriverExecutable: /Users/punchh_divyanshu/Dow..., appium:deviceName: Pixel 8 API 33 Emulator, platformName: ANDROID}">
      <![CDATA[org.openqa.selenium.SessionNotCreatedException: Could not start a new session. Response code 500. Message: An unknown server-side error occurred while processing the command. Original error: Could not find a connected Android device in 20000ms 
Host info: host: '192.168.1.5', ip: '2401:4900:889a:5449:1585:e1b5:cc32:34ae%en0'
Build info: version: '4.25.0', revision: '8a8aea2337'
System info: os.name: 'Mac OS X', os.arch: 'aarch64', os.version: '14.5', java.version: '20.0.2'
Driver info: io.appium.java_client.android.AndroidDriver
Command: [null, newSession {capabilities=[Capabilities {appium:app: /Users/punchh_divyanshu/Des..., appium:automationName: UIAutomator2, appium:chromedriverExecutable: /Users/punchh_divyanshu/Dow..., appium:deviceName: Pixel 8 API 33 Emulator, platformName: ANDROID}]}]
Capabilities {appium:app: /Users/punchh_divyanshu/Des..., appium:automationName: UIAutomator2, appium:chromedriverExecutable: /Users/punchh_divyanshu/Dow..., appium:deviceName: Pixel 8 API 33 Emulator, platformName: ANDROID}
at org.openqa.selenium.remote.ProtocolHandshake.createSession(ProtocolHandshake.java:114)
at org.openqa.selenium.remote.ProtocolHandshake.createSession(ProtocolHandshake.java:75)
at org.openqa.selenium.remote.ProtocolHandshake.createSession(ProtocolHandshake.java:61)
at io.appium.java_client.remote.AppiumCommandExecutor.createSession(AppiumCommandExecutor.java:176)
at io.appium.java_client.remote.AppiumCommandExecutor.execute(AppiumCommandExecutor.java:237)
at org.openqa.selenium.remote.RemoteWebDriver.execute(RemoteWebDriver.java:545)
at io.appium.java_client.AppiumDriver.startSession(AppiumDriver.java:270)
at org.openqa.selenium.remote.RemoteWebDriver.<init>(RemoteWebDriver.java:174)
at io.appium.java_client.AppiumDriver.<init>(AppiumDriver.java:91)
at io.appium.java_client.AppiumDriver.<init>(AppiumDriver.java:103)
at io.appium.java_client.android.AndroidDriver.<init>(AndroidDriver.java:109)
at org.example.TestUtils.AndroidBaseTest.ConfigureAppium(AndroidBaseTest.java:85)
... Removed 28 stack frames]]>
    </failure>
  </testcase> <!-- @BeforeClass ConfigureAppium -->
  <testcase classname="org.example.Module.HybridTestCase" name="@BeforeMethod preSetup" time="0.002">
    <failure type="java.lang.NullPointerException" message="Cannot invoke &amp;quot;org.pageObjects.Android.FormPage.setActivity()&amp;quot; because &amp;quot;this.formPage&amp;quot; is null">
      <![CDATA[java.lang.NullPointerException: Cannot invoke "org.pageObjects.Android.FormPage.setActivity()" because "this.formPage" is null
at org.example.Module.HybridTestCase.preSetup(HybridTestCase.java:37)
... Removed 30 stack frames]]>
    </failure>
  </testcase> <!-- @BeforeMethod preSetup -->
  <testcase classname="org.example.Module.HybridTestCase" name="@BeforeMethod preSetup" time="0.0">
    <failure type="java.lang.NullPointerException" message="Cannot invoke &amp;quot;org.pageObjects.Android.FormPage.setActivity()&amp;quot; because &amp;quot;this.formPage&amp;quot; is null">
      <![CDATA[java.lang.NullPointerException: Cannot invoke "org.pageObjects.Android.FormPage.setActivity()" because "this.formPage" is null
at org.example.Module.HybridTestCase.preSetup(HybridTestCase.java:37)
... Removed 30 stack frames]]>
    </failure>
  </testcase> <!-- @BeforeMethod preSetup -->
  <testcase classname="org.example.TestUtils.AndroidBaseTest" name="@AfterClass tearDown" time="0.0">
    <failure type="java.lang.NullPointerException" message="Cannot invoke &amp;quot;io.appium.java_client.android.AndroidDriver.quit()&amp;quot; because &amp;quot;this.driver&amp;quot; is null">
      <![CDATA[java.lang.NullPointerException: Cannot invoke "io.appium.java_client.android.AndroidDriver.quit()" because "this.driver" is null
at org.example.TestUtils.AndroidBaseTest.tearDown(AndroidBaseTest.java:97)
... Removed 28 stack frames]]>
    </failure>
  </testcase> <!-- @AfterClass tearDown -->
  <testcase classname="org.example.Module.HybridTestCase" name="HybridAction" time="0.0">
    <skipped/>
  </testcase> <!-- HybridAction -->
  <testcase classname="org.example.Module.HybridTestCase" name="HybridAction" time="0.0">
    <skipped/>
  </testcase> <!-- HybridAction -->
  <testcase classname="org.example.Module.IOSBasicsTest" name="BasicsTest" time="6.968"/>
</testsuite> <!-- General Store Hybrid Test Case -->
