<?xml version="1.0" encoding="UTF-8"?>
<testsuite xmlns:xsi="http://www.w3.org/2001/XMLSchema-instance" xsi:noNamespaceSchemaLocation="https://maven.apache.org/surefire/maven-surefire-plugin/xsd/surefire-test-report.xsd" version="3.0.2" name="TestSuite" time="71.225" tests="14" errors="0" skipped="4" failures="8">
  <properties>
[...]
</properties>
  <testcase name="ConfigureAppium" classname="org.example.Module.HybridTestCase" time="23.041">
    <failure message="Could not start a new session. Response code 500. Message: An unknown server-side error occurred while processing the command. Original error: Could not find a connected Android device in 20000ms &#10;Host info: host: &apos;192.168.1.5&apos;, ip: &apos;2401:4900:889a:5449:1585:e1b5:cc32:34ae%en0&apos;&#10;Build info: version: &apos;4.25.0&apos;, revision: &apos;8a8aea2337&apos;&#10;System info: os.name: &apos;Mac OS X&apos;, os.arch: &apos;aarch64&apos;, os.version: &apos;14.5&apos;, java.version: &apos;20.0.2&apos;&#10;Driver info: io.appium.java_client.android.AndroidDriver&#10;Command: [null, newSession {capabilities=[Capabilities {appium:app: /Users/punchh_divyanshu/Des..., appium:automationName: UIAutomator2, appium:chromedriverExecutable: /Users/punchh_divyanshu/Dow..., appium:deviceName: Pixel 8 API 33 Emulator, platformName: ANDROID}]}]&#10;Capabilities {appium:app: /Users/punchh_divyanshu/Des..., appium:automationName: UIAutomator2, appium:chromedriverExecutable: /Users/punchh_divyanshu/Dow..., appium:deviceName: Pixel 8 API 33 Emulator, platformName: ANDROID}" type="org.openqa.selenium.SessionNotCreatedException"><![CDATA[org.openqa.selenium.SessionNotCreatedException: 
Could not start a new session. Response code 500. Message: An unknown server-side error occurred while processing the command. Original error: Could not find a connected Android device in 20000ms 
Host info: host: '192.168.1.5', ip: '2401:4900:889a:5449:1585:e1b5:cc32:34ae%en0'
Build info: version: '4.25.0', revision: '8a8aea2337'
System info: os.name: 'Mac OS X', os.arch: 'aarch64', os.version: '14.5', java.version: '20.0.2'
Driver info: io.appium.java_client.android.AndroidDriver
Command: [null, newSession {capabilities=[Capabilities {appium:app: /Users/punchh_divyanshu/Des..., appium:automationName: UIAutomator2, appium:chromedriverExecutable: /Users/punchh_divyanshu/Dow..., appium:deviceName: Pixel 8 API 33 Emulator, platformName: ANDROID}]}]
Capabilities {appium:app: /Users/punchh_divyanshu/Des..., appium:automationName: UIAutomator2, appium:chromedriverExecutable: /Users/punchh_divyanshu/Dow..., appium:deviceName: Pixel 8 API 33 Emulator, platformName: ANDROID}
	at org.openqa.selenium.remote.ProtocolHandshake.createSession(ProtocolHandshake.java:114)
	at org.openqa.selenium.remote.ProtocolHandshake.createSession(ProtocolHandshake.java:75)
	at org.openqa.selenium.remote.ProtocolHandshake.createSession(ProtocolHandshake.java:61)
	at io.appium.java_client.remote.AppiumCommandExecutor.createSession(AppiumCommandExecutor.java:176)
	at io.appium.java_client.remote.AppiumCommandExecutor.execute(AppiumCommandExecutor.java:237)
	at org.openqa.selenium.remote.RemoteWebDriver.execute(RemoteWebDriver.java:545)
	at io.appium.java_client.AppiumDriver.startSession(AppiumDriver.java:270)
	at org.openqa.selenium.remote.RemoteWebDriver.<init>(RemoteWebDriver.java:174)
	at io.appium.java_client.AppiumDriver.<init>(AppiumDriver.java:91)
	at io.appium.java_client.AppiumDriver.<init>(AppiumDriver.java:103)
	at io.appium.java_client.android.AndroidDriver.<init>(AndroidDriver.java:109)
	at org.example.TestUtils.AndroidBaseTest.ConfigureAppium(AndroidBaseTest.java:85)
	at java.base/jdk.internal.reflect.DirectMethodHandleAccessor.invoke(DirectMethodHandleAccessor.java:104)
	at java.base/java.lang.reflect.Method.invoke(Method.java:578)
	at org.testng.internal.MethodInvocationHelper.invokeMethod(MethodInvocationHelper.java:124)
	at org.testng.internal.MethodInvocationHelper.invokeMethodConsideringTimeout(MethodInvocationHelper.java:59)
	at org.testng.internal.Invoker.invokeConfigurationMethod(Invoker.java:458)
	at org.testng.internal.Invoker.invokeConfigurations(Invoker.java:222)
	at org.testng.internal.Invoker.invokeConfigurations(Invoker.java:142)
	at org.testng.internal.TestMethodWorker.invokeBeforeClassMethods(TestMethodWorker.java:168)
	at org.testng.internal.TestMethodWorker.run(TestMethodWorker.java:105)
	at org.testng.TestRunner.privateRun(TestRunner.java:648)
	at org.testng.TestRunner.run(TestRunner.java:505)
	at org.testng.SuiteRunner.runTest(SuiteRunner.java:455)
	at org.testng.SuiteRunner.runSequentially(SuiteRunner.java:450)
	at org.testng.SuiteRunner.privateRun(SuiteRunner.java:415)
	at org.testng.SuiteRunner.run(SuiteRunner.java:364)
	at org.testng.SuiteRunnerWorker.runSuite(SuiteRunnerWorker.java:52)
	at org.testng.SuiteRunnerWorker.run(SuiteRunnerWorker.java:84)
	at org.testng.TestNG.runSuitesSequentially(TestNG.java:1208)
	at org.testng.TestNG.runSuitesLocally(TestNG.java:1137)
	at org.testng.TestNG.runSuites(TestNG.java:1049)
	at org.testng.TestNG.run(TestNG.java:1017)
	at org.apache.maven.surefire.testng.TestNGExecutor.run(TestNGExecutor.java:308)
	at org.apache.maven.surefire.testng.TestNGXmlTestSuite.execute(TestNGXmlTestSuite.java:71)
	at org.apache.maven.surefire.testng.TestNGProvider.invoke(TestNGProvider.java:113)
	at org.apache.maven.surefire.booter.ForkedBooter.runSuitesInProcess(ForkedBooter.java:385)
	at org.apache.maven.surefire.booter.ForkedBooter.execute(ForkedBooter.java:162)
	at org.apache.maven.surefire.booter.ForkedBooter.run(ForkedBooter.java:507)
	at org.apache.maven.surefire.booter.ForkedBooter.main(ForkedBooter.java:495)
]]></failure>
    <system-out><![CDATA[[TestNGContentHandler] [WARN] It is strongly recommended to add "<!DOCTYPE suite SYSTEM "http://testng.org/testng-1.0.dtd" >" at the top of your file, otherwise TestNG may fail or not work as expected.
&amp#27;[35m[Appium]&amp#27;[39m Welcome to Appium v2.6.0
&amp#27;[35m[Appium]&amp#27;[39m Non-default server args:
&amp#27;[35m[Appium]&amp#27;[39m { address: &amp#27;[32m'127.0.0.1'&amp#27;[39m }
&amp#27;[35m[Appium]&amp#27;[39m The autodetected Appium home path: /Users/punchh_divyanshu
&amp#27;[35m[Appium]&amp#27;[39m Attempting to load driver uiautomator2...
&amp#27;[35m[Appium]&amp#27;[39m Attempting to load driver xcuitest...
&amp#27;[35m[Appium]&amp#27;[39m Requiring driver at /Users/punchh_divyanshu/node_modules/appium-uiautomator2-driver/build/index.js
&amp#27;[35m[Appium]&amp#27;[39m Requiring driver at /Users/punchh_divyanshu/node_modules/appium-xcuitest-driver/build/index.js
[Appium] AndroidUiautomator2Driver has been successfully loaded in 1.178s
[Appium] XCUITestDriver has been successfully loaded in 1.178s
[Appium] Appium REST http interface listener started on http://127.0.0.1:4723
[Appium] Available drivers:
[Appium]   - uiautomator2@3.0.4 (automationName 'UiAutomator2')
[Appium]   - xcuitest@7.18.0 (automationName 'XCUITest')
[Appium] No plugins have been installed. Use the "appium plugin" command to install the one(s) you want to use.
&amp#27;[38;5;0m[HTTP]&amp#27;[0m &amp#27;[37m-->&amp#27;[39m &amp#27;[37mGET&amp#27;[39m &amp#27;[37m/status&amp#27;[39m
&amp#27;[38;5;0m[HTTP]&amp#27;[0m {}
&amp#27;[38;5;16m[AppiumDriver@d0d6]&amp#27;[0m Calling AppiumDriver.getStatus() with args: []
&amp#27;[38;5;16m[AppiumDriver@d0d6]&amp#27;[0m Responding to client with driver.getStatus() result: {"ready":true,"message":"The server is ready to accept new connections","build":{"version":"2.6.0"}}
&amp#27;[38;5;0m[HTTP]&amp#27;[0m <-- GET /status 200 2 ms - 110
&amp#27;[38;5;0m[HTTP]&amp#27;[0m 
&amp#27;[38;5;0m[HTTP]&amp#27;[0m Request idempotency key: 3de356ed-6bc8-4e92-9e65-4c196c6e813b
&amp#27;[38;5;0m[HTTP]&amp#27;[0m &amp#27;[37m-->&amp#27;[39m &amp#27;[37mPOST&amp#27;[39m &amp#27;[37m/session&amp#27;[39m
&amp#27;[38;5;0m[HTTP]&amp#27;[0m {"capabilities":{"firstMatch":[{"appium:chromedriverExecutable":"/Users/punchh_divyanshu/Downloads/chromedriver","appium:deviceName":"Pixel 8 API 33 Emulator","platformName":"ANDROID","appium:automationName":"UIAutomator2","appium:app":"/Users/punchh_divyanshu/Desktop/AppiumFrameworkDesignDemo//src//test//java//resources//General-Store.apk"}]}}
&amp#27;[38;5;16m[AppiumDriver@d0d6]&amp#27;[0m Calling AppiumDriver.createSession() with args: [null,null,{"firstMatch":[{"appium:chromedriverExecutable":"/Users/punchh_divyanshu/Downloads/chromedriver","appium:deviceName":"Pixel 8 API 33 Emulator","platformName":"ANDROID","appium:automationName":"UIAutomator2","appium:app":"/Users/punchh_divyanshu/Desktop/AppiumFrameworkDesignDemo//src//test//java//resources//General-Store.apk"}]}]
&amp#27;[38;5;16m[AppiumDriver@d0d6]&amp#27;[0m Event 'newSessionRequested' logged at 1727430878019 (15:24:38 GMT+0530 (India Standard Time))
[Appium] Attempting to find matching driver for automationName 'UIAutomator2' and platformName 'ANDROID'
[Appium] The 'uiautomator2' driver was installed and matched caps.
[Appium] Will require it at /Users/punchh_divyanshu/node_modules/appium-uiautomator2-driver
[Appium] Requiring driver at /Users/punchh_divyanshu/node_modules/appium-uiautomator2-driver/build/index.js
&amp#27;[38;5;16m[AppiumDriver@d0d6]&amp#27;[0m Appium v2.6.0 creating new AndroidUiautomator2Driver (v3.0.4) session
&amp#27;[38;5;16m[AppiumDriver@d0d6]&amp#27;[0m Checking BaseDriver versions for Appium and AndroidUiautomator2Driver
&amp#27;[38;5;16m[AppiumDriver@d0d6]&amp#27;[0m Appium's BaseDriver version is 9.7.0
&amp#27;[38;5;16m[AppiumDriver@d0d6]&amp#27;[0m AndroidUiautomator2Driver's BaseDriver version is 9.5.2
&amp#27;[38;5;32m[AndroidUiautomator2Driver@f3ef]&amp#27;[0m Creating session with W3C capabilities: {
&amp#27;[38;5;32m[AndroidUiautomator2Driver@f3ef]&amp#27;[0m   "alwaysMatch": {
&amp#27;[38;5;32m[AndroidUiautomator2Driver@f3ef]&amp#27;[0m     "platformName": "ANDROID",
&amp#27;[38;5;32m[AndroidUiautomator2Driver@f3ef]&amp#27;[0m     "appium:chromedriverExecutable": "/Users/punchh_divyanshu/Downloads/chromedriver",
&amp#27;[38;5;32m[AndroidUiautomator2Driver@f3ef]&amp#27;[0m     "appium:deviceName": "Pixel 8 API 33 Emulator",
&amp#27;[38;5;32m[AndroidUiautomator2Driver@f3ef]&amp#27;[0m     "appium:automationName": "UIAutomator2",
&amp#27;[38;5;32m[AndroidUiautomator2Driver@f3ef]&amp#27;[0m     "appium:app": "/Users/punchh_divyanshu/Desktop/AppiumFrameworkDesignDemo//src//test//java//resources//General-Store.apk"
&amp#27;[38;5;32m[AndroidUiautomator2Driver@f3ef]&amp#27;[0m   },
&amp#27;[38;5;32m[AndroidUiautomator2Driver@f3ef]&amp#27;[0m   "firstMatch": [
&amp#27;[38;5;32m[AndroidUiautomator2Driver@f3ef]&amp#27;[0m     {}
&amp#27;[38;5;32m[AndroidUiautomator2Driver@f3ef]&amp#27;[0m   ]
&amp#27;[38;5;32m[AndroidUiautomator2Driver@f3ef]&amp#27;[0m }
&amp#27;[38;5;32m[AndroidUiautomator2Driver@f3ef (521e9412)]&amp#27;[0m Session created with session id: 521e9412-f834-4b46-ae6a-55e26d0afa92
&amp#27;[38;5;48m[ADB]&amp#27;[0m Found 2 'build-tools' folders under '/users/punchh_divyanshu/Library/Android/sdk' (newest first):
&amp#27;[38;5;48m[ADB]&amp#27;[0m     /users/punchh_divyanshu/Library/Android/sdk/build-tools/34.0.0
&amp#27;[38;5;48m[ADB]&amp#27;[0m     /users/punchh_divyanshu/Library/Android/sdk/build-tools/30.0.3
&amp#27;[38;5;48m[ADB]&amp#27;[0m Using 'adb' from '/users/punchh_divyanshu/Library/Android/sdk/platform-tools/adb'
&amp#27;[38;5;48m[ADB]&amp#27;[0m Running '/users/punchh_divyanshu/Library/Android/sdk/platform-tools/adb -P 5037 start-server'
&amp#27;[38;5;32m[AndroidUiautomator2Driver@f3ef (521e9412)]&amp#27;[0m Retrieving device list
&amp#27;[38;5;48m[ADB]&amp#27;[0m Trying to find connected Android devices
&amp#27;[38;5;48m[ADB]&amp#27;[0m Getting connected devices
&amp#27;[38;5;48m[ADB]&amp#27;[0m No connected devices have been detected
&amp#27;[38;5;48m[ADB]&amp#27;[0m Could not find online devices
&amp#27;[38;5;48m[ADB]&amp#27;[0m Reconnecting adb (target offline)
&amp#27;[38;5;48m[ADB]&amp#27;[0m Running '/users/punchh_divyanshu/Library/Android/sdk/platform-tools/adb -P 5037 reconnect offline'
&amp#27;[38;5;48m[ADB]&amp#27;[0m Getting connected devices
&amp#27;[38;5;48m[ADB]&amp#27;[0m No connected devices have been detected
&amp#27;[38;5;48m[ADB]&amp#27;[0m Could not find online devices
&amp#27;[38;5;48m[ADB]&amp#27;[0m Reconnecting adb (target offline)
&amp#27;[38;5;48m[ADB]&amp#27;[0m Running '/users/punchh_divyanshu/Library/Android/sdk/platform-tools/adb -P 5037 reconnect offline'
&amp#27;[38;5;48m[ADB]&amp#27;[0m Getting connected devices
&amp#27;[38;5;48m[ADB]&amp#27;[0m No connected devices have been detected
&amp#27;[38;5;48m[ADB]&amp#27;[0m Could not find online devices
&amp#27;[38;5;48m[ADB]&amp#27;[0m Reconnecting adb (target offline)
&amp#27;[38;5;48m[ADB]&amp#27;[0m Running '/users/punchh_divyanshu/Library/Android/sdk/platform-tools/adb -P 5037 reconnect offline'
&amp#27;[38;5;48m[ADB]&amp#27;[0m Getting connected devices
&amp#27;[38;5;48m[ADB]&amp#27;[0m No connected devices have been detected
&amp#27;[38;5;48m[ADB]&amp#27;[0m Could not find online devices
&amp#27;[38;5;48m[ADB]&amp#27;[0m Reconnecting adb (target offline)
&amp#27;[38;5;48m[ADB]&amp#27;[0m Running '/users/punchh_divyanshu/Library/Android/sdk/platform-tools/adb -P 5037 reconnect offline'
&amp#27;[38;5;48m[ADB]&amp#27;[0m Getting connected devices
&amp#27;[38;5;48m[ADB]&amp#27;[0m No connected devices have been detected
&amp#27;[38;5;48m[ADB]&amp#27;[0m Could not find online devices
&amp#27;[38;5;48m[ADB]&amp#27;[0m Reconnecting adb (target offline)
&amp#27;[38;5;48m[ADB]&amp#27;[0m Running '/users/punchh_divyanshu/Library/Android/sdk/platform-tools/adb -P 5037 reconnect offline'
&amp#27;[38;5;48m[ADB]&amp#27;[0m Getting connected devices
&amp#27;[38;5;48m[ADB]&amp#27;[0m No connected devices have been detected
&amp#27;[38;5;48m[ADB]&amp#27;[0m Could not find online devices
&amp#27;[38;5;48m[ADB]&amp#27;[0m Reconnecting adb (target offline)
&amp#27;[38;5;48m[ADB]&amp#27;[0m Running '/users/punchh_divyanshu/Library/Android/sdk/platform-tools/adb -P 5037 reconnect offline'
&amp#27;[38;5;48m[ADB]&amp#27;[0m Getting connected devices
&amp#27;[38;5;48m[ADB]&amp#27;[0m No connected devices have been detected
&amp#27;[38;5;48m[ADB]&amp#27;[0m Could not find online devices
&amp#27;[38;5;48m[ADB]&amp#27;[0m Reconnecting adb (target offline)
&amp#27;[38;5;48m[ADB]&amp#27;[0m Running '/users/punchh_divyanshu/Library/Android/sdk/platform-tools/adb -P 5037 reconnect offline'
&amp#27;[38;5;48m[ADB]&amp#27;[0m Getting connected devices
&amp#27;[38;5;48m[ADB]&amp#27;[0m No connected devices have been detected
&amp#27;[38;5;48m[ADB]&amp#27;[0m Could not find online devices
&amp#27;[38;5;48m[ADB]&amp#27;[0m Reconnecting adb (target offline)
&amp#27;[38;5;48m[ADB]&amp#27;[0m Running '/users/punchh_divyanshu/Library/Android/sdk/platform-tools/adb -P 5037 reconnect offline'
&amp#27;[38;5;48m[ADB]&amp#27;[0m Getting connected devices
&amp#27;[38;5;48m[ADB]&amp#27;[0m No connected devices have been detected
&amp#27;[38;5;48m[ADB]&amp#27;[0m Could not find online devices
&amp#27;[38;5;48m[ADB]&amp#27;[0m Reconnecting adb (target offline)
&amp#27;[38;5;48m[ADB]&amp#27;[0m Running '/users/punchh_divyanshu/Library/Android/sdk/platform-tools/adb -P 5037 reconnect offline'
&amp#27;[38;5;48m[ADB]&amp#27;[0m Getting connected devices
&amp#27;[38;5;48m[ADB]&amp#27;[0m No connected devices have been detected
&amp#27;[38;5;48m[ADB]&amp#27;[0m Could not find online devices
&amp#27;[38;5;48m[ADB]&amp#27;[0m Reconnecting adb (target offline)
&amp#27;[38;5;48m[ADB]&amp#27;[0m Running '/users/punchh_divyanshu/Library/Android/sdk/platform-tools/adb -P 5037 reconnect offline'
&amp#27;[38;5;48m[ADB]&amp#27;[0m Getting connected devices
&amp#27;[38;5;48m[ADB]&amp#27;[0m No connected devices have been detected
&amp#27;[38;5;48m[ADB]&amp#27;[0m Could not find online devices
&amp#27;[38;5;48m[ADB]&amp#27;[0m Reconnecting adb (target offline)
&amp#27;[38;5;48m[ADB]&amp#27;[0m Running '/users/punchh_divyanshu/Library/Android/sdk/platform-tools/adb -P 5037 reconnect offline'
&amp#27;[38;5;48m[ADB]&amp#27;[0m Getting connected devices
&amp#27;[38;5;48m[ADB]&amp#27;[0m No connected devices have been detected
&amp#27;[38;5;48m[ADB]&amp#27;[0m Could not find online devices
&amp#27;[38;5;48m[ADB]&amp#27;[0m Reconnecting adb (target offline)
&amp#27;[38;5;48m[ADB]&amp#27;[0m Running '/users/punchh_divyanshu/Library/Android/sdk/platform-tools/adb -P 5037 reconnect offline'
&amp#27;[38;5;48m[ADB]&amp#27;[0m Getting connected devices
&amp#27;[38;5;48m[ADB]&amp#27;[0m No connected devices have been detected
&amp#27;[38;5;48m[ADB]&amp#27;[0m Could not find online devices
&amp#27;[38;5;48m[ADB]&amp#27;[0m Reconnecting adb (target offline)
&amp#27;[38;5;48m[ADB]&amp#27;[0m Running '/users/punchh_divyanshu/Library/Android/sdk/platform-tools/adb -P 5037 reconnect offline'
&amp#27;[38;5;48m[ADB]&amp#27;[0m Getting connected devices
&amp#27;[38;5;48m[ADB]&amp#27;[0m No connected devices have been detected
&amp#27;[38;5;48m[ADB]&amp#27;[0m Could not find online devices
&amp#27;[38;5;48m[ADB]&amp#27;[0m Reconnecting adb (target offline)
&amp#27;[38;5;48m[ADB]&amp#27;[0m Running '/users/punchh_divyanshu/Library/Android/sdk/platform-tools/adb -P 5037 reconnect offline'
&amp#27;[38;5;48m[ADB]&amp#27;[0m Getting connected devices
&amp#27;[38;5;48m[ADB]&amp#27;[0m No connected devices have been detected
&amp#27;[38;5;48m[ADB]&amp#27;[0m Could not find online devices
&amp#27;[38;5;48m[ADB]&amp#27;[0m Reconnecting adb (target offline)
&amp#27;[38;5;48m[ADB]&amp#27;[0m Running '/users/punchh_divyanshu/Library/Android/sdk/platform-tools/adb -P 5037 reconnect offline'
&amp#27;[38;5;48m[ADB]&amp#27;[0m Getting connected devices
&amp#27;[38;5;48m[ADB]&amp#27;[0m No connected devices have been detected
&amp#27;[38;5;48m[ADB]&amp#27;[0m Could not find online devices
&amp#27;[38;5;48m[ADB]&amp#27;[0m Reconnecting adb (target offline)
&amp#27;[38;5;48m[ADB]&amp#27;[0m Running '/users/punchh_divyanshu/Library/Android/sdk/platform-tools/adb -P 5037 reconnect offline'
&amp#27;[38;5;48m[ADB]&amp#27;[0m Getting connected devices
&amp#27;[38;5;48m[ADB]&amp#27;[0m No connected devices have been detected
&amp#27;[38;5;48m[ADB]&amp#27;[0m Could not find online devices
&amp#27;[38;5;48m[ADB]&amp#27;[0m Reconnecting adb (target offline)
&amp#27;[38;5;48m[ADB]&amp#27;[0m Running '/users/punchh_divyanshu/Library/Android/sdk/platform-tools/adb -P 5037 reconnect offline'
&amp#27;[38;5;48m[ADB]&amp#27;[0m Getting connected devices
&amp#27;[38;5;48m[ADB]&amp#27;[0m No connected devices have been detected
&amp#27;[38;5;48m[ADB]&amp#27;[0m Could not find online devices
&amp#27;[38;5;48m[ADB]&amp#27;[0m Reconnecting adb (target offline)
&amp#27;[38;5;48m[ADB]&amp#27;[0m Running '/users/punchh_divyanshu/Library/Android/sdk/platform-tools/adb -P 5037 reconnect offline'
&amp#27;[38;5;48m[ADB]&amp#27;[0m Getting connected devices
&amp#27;[38;5;48m[ADB]&amp#27;[0m No connected devices have been detected
&amp#27;[38;5;48m[ADB]&amp#27;[0m Could not find online devices
&amp#27;[38;5;48m[ADB]&amp#27;[0m Reconnecting adb (target offline)
&amp#27;[38;5;48m[ADB]&amp#27;[0m Running '/users/punchh_divyanshu/Library/Android/sdk/platform-tools/adb -P 5037 reconnect offline'
&amp#27;[38;5;48m[ADB]&amp#27;[0m Getting connected devices
&amp#27;[38;5;48m[ADB]&amp#27;[0m No connected devices have been detected
&amp#27;[38;5;48m[ADB]&amp#27;[0m Could not find online devices
&amp#27;[38;5;48m[ADB]&amp#27;[0m Reconnecting adb (target offline)
&amp#27;[38;5;48m[ADB]&amp#27;[0m Running '/users/punchh_divyanshu/Library/Android/sdk/platform-tools/adb -P 5037 reconnect offline'
&amp#27;[38;5;48m[ADB]&amp#27;[0m Getting connected devices
&amp#27;[38;5;48m[ADB]&amp#27;[0m No connected devices have been detected
&amp#27;[38;5;48m[ADB]&amp#27;[0m Could not find online devices
&amp#27;[38;5;48m[ADB]&amp#27;[0m Reconnecting adb (target offline)
&amp#27;[38;5;48m[ADB]&amp#27;[0m Running '/users/punchh_divyanshu/Library/Android/sdk/platform-tools/adb -P 5037 reconnect offline'
&amp#27;[38;5;48m[ADB]&amp#27;[0m Getting connected devices
&amp#27;[38;5;48m[ADB]&amp#27;[0m No connected devices have been detected
&amp#27;[38;5;48m[ADB]&amp#27;[0m Could not find online devices
&amp#27;[38;5;48m[ADB]&amp#27;[0m Reconnecting adb (target offline)
&amp#27;[38;5;48m[ADB]&amp#27;[0m Running '/users/punchh_divyanshu/Library/Android/sdk/platform-tools/adb -P 5037 reconnect offline'
&amp#27;[38;5;48m[ADB]&amp#27;[0m Getting connected devices
&amp#27;[38;5;48m[ADB]&amp#27;[0m No connected devices have been detected
&amp#27;[38;5;48m[ADB]&amp#27;[0m Could not find online devices
&amp#27;[38;5;48m[ADB]&amp#27;[0m Reconnecting adb (target offline)
&amp#27;[38;5;48m[ADB]&amp#27;[0m Running '/users/punchh_divyanshu/Library/Android/sdk/platform-tools/adb -P 5037 reconnect offline'
&amp#27;[38;5;48m[ADB]&amp#27;[0m Getting connected devices
&amp#27;[38;5;48m[ADB]&amp#27;[0m No connected devices have been detected
&amp#27;[38;5;48m[ADB]&amp#27;[0m Could not find online devices
&amp#27;[38;5;48m[ADB]&amp#27;[0m Reconnecting adb (target offline)
&amp#27;[38;5;48m[ADB]&amp#27;[0m Running '/users/punchh_divyanshu/Library/Android/sdk/platform-tools/adb -P 5037 reconnect offline'
&amp#27;[38;5;48m[ADB]&amp#27;[0m Getting connected devices
&amp#27;[38;5;48m[ADB]&amp#27;[0m No connected devices have been detected
&amp#27;[38;5;48m[ADB]&amp#27;[0m Could not find online devices
&amp#27;[38;5;48m[ADB]&amp#27;[0m Reconnecting adb (target offline)
&amp#27;[38;5;48m[ADB]&amp#27;[0m Running '/users/punchh_divyanshu/Library/Android/sdk/platform-tools/adb -P 5037 reconnect offline'
&amp#27;[38;5;48m[ADB]&amp#27;[0m Getting connected devices
&amp#27;[38;5;48m[ADB]&amp#27;[0m No connected devices have been detected
&amp#27;[38;5;48m[ADB]&amp#27;[0m Could not find online devices
&amp#27;[38;5;48m[ADB]&amp#27;[0m Reconnecting adb (target offline)
&amp#27;[38;5;48m[ADB]&amp#27;[0m Running '/users/punchh_divyanshu/Library/Android/sdk/platform-tools/adb -P 5037 reconnect offline'
&amp#27;[38;5;48m[ADB]&amp#27;[0m Getting connected devices
&amp#27;[38;5;48m[ADB]&amp#27;[0m No connected devices have been detected
&amp#27;[38;5;48m[ADB]&amp#27;[0m Could not find online devices
&amp#27;[38;5;48m[ADB]&amp#27;[0m Reconnecting adb (target offline)
&amp#27;[38;5;48m[ADB]&amp#27;[0m Running '/users/punchh_divyanshu/Library/Android/sdk/platform-tools/adb -P 5037 reconnect offline'
&amp#27;[38;5;48m[ADB]&amp#27;[0m Getting connected devices
&amp#27;[38;5;48m[ADB]&amp#27;[0m No connected devices have been detected
&amp#27;[38;5;48m[ADB]&amp#27;[0m Could not find online devices
&amp#27;[38;5;48m[ADB]&amp#27;[0m Reconnecting adb (target offline)
&amp#27;[38;5;48m[ADB]&amp#27;[0m Running '/users/punchh_divyanshu/Library/Android/sdk/platform-tools/adb -P 5037 reconnect offline'
&amp#27;[38;5;48m[ADB]&amp#27;[0m Getting connected devices
&amp#27;[38;5;48m[ADB]&amp#27;[0m No connected devices have been detected
&amp#27;[38;5;48m[ADB]&amp#27;[0m Could not find online devices
&amp#27;[38;5;48m[ADB]&amp#27;[0m Reconnecting adb (target offline)
&amp#27;[38;5;48m[ADB]&amp#27;[0m Running '/users/punchh_divyanshu/Library/Android/sdk/platform-tools/adb -P 5037 reconnect offline'
&amp#27;[38;5;48m[ADB]&amp#27;[0m Getting connected devices
&amp#27;[38;5;48m[ADB]&amp#27;[0m No connected devices have been detected
&amp#27;[38;5;48m[ADB]&amp#27;[0m Could not find online devices
&amp#27;[38;5;48m[ADB]&amp#27;[0m Reconnecting adb (target offline)
&amp#27;[38;5;48m[ADB]&amp#27;[0m Running '/users/punchh_divyanshu/Library/Android/sdk/platform-tools/adb -P 5037 reconnect offline'
&amp#27;[38;5;48m[ADB]&amp#27;[0m Getting connected devices
&amp#27;[38;5;48m[ADB]&amp#27;[0m No connected devices have been detected
&amp#27;[38;5;48m[ADB]&amp#27;[0m Could not find online devices
&amp#27;[38;5;48m[ADB]&amp#27;[0m Reconnecting adb (target offline)
&amp#27;[38;5;48m[ADB]&amp#27;[0m Running '/users/punchh_divyanshu/Library/Android/sdk/platform-tools/adb -P 5037 reconnect offline'
&amp#27;[38;5;48m[ADB]&amp#27;[0m Getting connected devices
&amp#27;[38;5;48m[ADB]&amp#27;[0m No connected devices have been detected
&amp#27;[38;5;48m[ADB]&amp#27;[0m Could not find online devices
&amp#27;[38;5;48m[ADB]&amp#27;[0m Reconnecting adb (target offline)
&amp#27;[38;5;48m[ADB]&amp#27;[0m Running '/users/punchh_divyanshu/Library/Android/sdk/platform-tools/adb -P 5037 reconnect offline'
&amp#27;[38;5;48m[ADB]&amp#27;[0m Getting connected devices
&amp#27;[38;5;48m[ADB]&amp#27;[0m No connected devices have been detected
&amp#27;[38;5;48m[ADB]&amp#27;[0m Could not find online devices
&amp#27;[38;5;48m[ADB]&amp#27;[0m Reconnecting adb (target offline)
&amp#27;[38;5;48m[ADB]&amp#27;[0m Running '/users/punchh_divyanshu/Library/Android/sdk/platform-tools/adb -P 5037 reconnect offline'
&amp#27;[38;5;48m[ADB]&amp#27;[0m Getting connected devices
&amp#27;[38;5;48m[ADB]&amp#27;[0m No connected devices have been detected
&amp#27;[38;5;48m[ADB]&amp#27;[0m Could not find online devices
&amp#27;[38;5;48m[ADB]&amp#27;[0m Reconnecting adb (target offline)
&amp#27;[38;5;48m[ADB]&amp#27;[0m Running '/users/punchh_divyanshu/Library/Android/sdk/platform-tools/adb -P 5037 reconnect offline'
&amp#27;[38;5;48m[ADB]&amp#27;[0m Getting connected devices
&amp#27;[38;5;48m[ADB]&amp#27;[0m No connected devices have been detected
&amp#27;[38;5;48m[ADB]&amp#27;[0m Could not find online devices
&amp#27;[38;5;48m[ADB]&amp#27;[0m Reconnecting adb (target offline)
&amp#27;[38;5;48m[ADB]&amp#27;[0m Running '/users/punchh_divyanshu/Library/Android/sdk/platform-tools/adb -P 5037 reconnect offline'
&amp#27;[38;5;48m[ADB]&amp#27;[0m Getting connected devices
&amp#27;[38;5;48m[ADB]&amp#27;[0m No connected devices have been detected
&amp#27;[38;5;48m[ADB]&amp#27;[0m Could not find online devices
&amp#27;[38;5;48m[ADB]&amp#27;[0m Reconnecting adb (target offline)
&amp#27;[38;5;48m[ADB]&amp#27;[0m Running '/users/punchh_divyanshu/Library/Android/sdk/platform-tools/adb -P 5037 reconnect offline'
&amp#27;[38;5;48m[ADB]&amp#27;[0m Getting connected devices
&amp#27;[38;5;48m[ADB]&amp#27;[0m No connected devices have been detected
&amp#27;[38;5;48m[ADB]&amp#27;[0m Could not find online devices
&amp#27;[38;5;48m[ADB]&amp#27;[0m Reconnecting adb (target offline)
&amp#27;[38;5;48m[ADB]&amp#27;[0m Running '/users/punchh_divyanshu/Library/Android/sdk/platform-tools/adb -P 5037 reconnect offline'
&amp#27;[38;5;48m[ADB]&amp#27;[0m Getting connected devices
&amp#27;[38;5;48m[ADB]&amp#27;[0m No connected devices have been detected
&amp#27;[38;5;48m[ADB]&amp#27;[0m Could not find online devices
&amp#27;[38;5;48m[ADB]&amp#27;[0m Reconnecting adb (target offline)
&amp#27;[38;5;48m[ADB]&amp#27;[0m Running '/users/punchh_divyanshu/Library/Android/sdk/platform-tools/adb -P 5037 reconnect offline'
&amp#27;[38;5;48m[ADB]&amp#27;[0m Getting connected devices
&amp#27;[38;5;48m[ADB]&amp#27;[0m No connected devices have been detected
&amp#27;[38;5;48m[ADB]&amp#27;[0m Could not find online devices
&amp#27;[38;5;48m[ADB]&amp#27;[0m Reconnecting adb (target offline)
&amp#27;[38;5;48m[ADB]&amp#27;[0m Running '/users/punchh_divyanshu/Library/Android/sdk/platform-tools/adb -P 5037 reconnect offline'
&amp#27;[38;5;48m[ADB]&amp#27;[0m Getting connected devices
&amp#27;[38;5;48m[ADB]&amp#27;[0m No connected devices have been detected
&amp#27;[38;5;48m[ADB]&amp#27;[0m Could not find online devices
&amp#27;[38;5;48m[ADB]&amp#27;[0m Reconnecting adb (target offline)
&amp#27;[38;5;48m[ADB]&amp#27;[0m Running '/users/punchh_divyanshu/Library/Android/sdk/platform-tools/adb -P 5037 reconnect offline'
&amp#27;[38;5;48m[ADB]&amp#27;[0m Getting connected devices
&amp#27;[38;5;48m[ADB]&amp#27;[0m No connected devices have been detected
&amp#27;[38;5;48m[ADB]&amp#27;[0m Could not find online devices
&amp#27;[38;5;48m[ADB]&amp#27;[0m Reconnecting adb (target offline)
&amp#27;[38;5;48m[ADB]&amp#27;[0m Running '/users/punchh_divyanshu/Library/Android/sdk/platform-tools/adb -P 5037 reconnect offline'
&amp#27;[38;5;48m[ADB]&amp#27;[0m Getting connected devices
&amp#27;[38;5;48m[ADB]&amp#27;[0m No connected devices have been detected
&amp#27;[38;5;48m[ADB]&amp#27;[0m Could not find online devices
&amp#27;[38;5;48m[ADB]&amp#27;[0m Reconnecting adb (target offline)
&amp#27;[38;5;48m[ADB]&amp#27;[0m Running '/users/punchh_divyanshu/Library/Android/sdk/platform-tools/adb -P 5037 reconnect offline'
&amp#27;[38;5;48m[ADB]&amp#27;[0m Getting connected devices
&amp#27;[38;5;48m[ADB]&amp#27;[0m No connected devices have been detected
&amp#27;[38;5;48m[ADB]&amp#27;[0m Could not find online devices
&amp#27;[38;5;48m[ADB]&amp#27;[0m Reconnecting adb (target offline)
&amp#27;[38;5;48m[ADB]&amp#27;[0m Running '/users/punchh_divyanshu/Library/Android/sdk/platform-tools/adb -P 5037 reconnect offline'
&amp#27;[38;5;48m[ADB]&amp#27;[0m Getting connected devices
&amp#27;[38;5;48m[ADB]&amp#27;[0m No connected devices have been detected
&amp#27;[38;5;48m[ADB]&amp#27;[0m Could not find online devices
&amp#27;[38;5;48m[ADB]&amp#27;[0m Reconnecting adb (target offline)
&amp#27;[38;5;48m[ADB]&amp#27;[0m Running '/users/punchh_divyanshu/Library/Android/sdk/platform-tools/adb -P 5037 reconnect offline'
&amp#27;[38;5;48m[ADB]&amp#27;[0m Getting connected devices
&amp#27;[38;5;48m[ADB]&amp#27;[0m No connected devices have been detected
&amp#27;[38;5;48m[ADB]&amp#27;[0m Could not find online devices
&amp#27;[38;5;48m[ADB]&amp#27;[0m Reconnecting adb (target offline)
&amp#27;[38;5;48m[ADB]&amp#27;[0m Running '/users/punchh_divyanshu/Library/Android/sdk/platform-tools/adb -P 5037 reconnect offline'
&amp#27;[38;5;48m[ADB]&amp#27;[0m Getting connected devices
&amp#27;[38;5;48m[ADB]&amp#27;[0m No connected devices have been detected
&amp#27;[38;5;48m[ADB]&amp#27;[0m Could not find online devices
&amp#27;[38;5;48m[ADB]&amp#27;[0m Reconnecting adb (target offline)
&amp#27;[38;5;48m[ADB]&amp#27;[0m Running '/users/punchh_divyanshu/Library/Android/sdk/platform-tools/adb -P 5037 reconnect offline'
&amp#27;[38;5;48m[ADB]&amp#27;[0m Getting connected devices
&amp#27;[38;5;48m[ADB]&amp#27;[0m No connected devices have been detected
&amp#27;[38;5;48m[ADB]&amp#27;[0m Could not find online devices
&amp#27;[38;5;48m[ADB]&amp#27;[0m Reconnecting adb (target offline)
&amp#27;[38;5;48m[ADB]&amp#27;[0m Running '/users/punchh_divyanshu/Library/Android/sdk/platform-tools/adb -P 5037 reconnect offline'
&amp#27;[38;5;48m[ADB]&amp#27;[0m Getting connected devices
&amp#27;[38;5;48m[ADB]&amp#27;[0m No connected devices have been detected
&amp#27;[38;5;48m[ADB]&amp#27;[0m Could not find online devices
&amp#27;[38;5;48m[ADB]&amp#27;[0m Reconnecting adb (target offline)
&amp#27;[38;5;48m[ADB]&amp#27;[0m Running '/users/punchh_divyanshu/Library/Android/sdk/platform-tools/adb -P 5037 reconnect offline'
&amp#27;[38;5;48m[ADB]&amp#27;[0m Getting connected devices
&amp#27;[38;5;48m[ADB]&amp#27;[0m No connected devices have been detected
&amp#27;[38;5;48m[ADB]&amp#27;[0m Could not find online devices
&amp#27;[38;5;48m[ADB]&amp#27;[0m Reconnecting adb (target offline)
&amp#27;[38;5;48m[ADB]&amp#27;[0m Running '/users/punchh_divyanshu/Library/Android/sdk/platform-tools/adb -P 5037 reconnect offline'
&amp#27;[38;5;48m[ADB]&amp#27;[0m Getting connected devices
&amp#27;[38;5;48m[ADB]&amp#27;[0m No connected devices have been detected
&amp#27;[38;5;48m[ADB]&amp#27;[0m Could not find online devices
&amp#27;[38;5;48m[ADB]&amp#27;[0m Reconnecting adb (target offline)
&amp#27;[38;5;48m[ADB]&amp#27;[0m Running '/users/punchh_divyanshu/Library/Android/sdk/platform-tools/adb -P 5037 reconnect offline'
&amp#27;[38;5;48m[ADB]&amp#27;[0m Getting connected devices
&amp#27;[38;5;48m[ADB]&amp#27;[0m No connected devices have been detected
&amp#27;[38;5;48m[ADB]&amp#27;[0m Could not find online devices
&amp#27;[38;5;48m[ADB]&amp#27;[0m Reconnecting adb (target offline)
&amp#27;[38;5;48m[ADB]&amp#27;[0m Running '/users/punchh_divyanshu/Library/Android/sdk/platform-tools/adb -P 5037 reconnect offline'
&amp#27;[38;5;48m[ADB]&amp#27;[0m Getting connected devices
&amp#27;[38;5;48m[ADB]&amp#27;[0m No connected devices have been detected
&amp#27;[38;5;48m[ADB]&amp#27;[0m Could not find online devices
&amp#27;[38;5;48m[ADB]&amp#27;[0m Reconnecting adb (target offline)
&amp#27;[38;5;48m[ADB]&amp#27;[0m Running '/users/punchh_divyanshu/Library/Android/sdk/platform-tools/adb -P 5037 reconnect offline'
&amp#27;[38;5;48m[ADB]&amp#27;[0m Getting connected devices
&amp#27;[38;5;48m[ADB]&amp#27;[0m No connected devices have been detected
&amp#27;[38;5;48m[ADB]&amp#27;[0m Could not find online devices
&amp#27;[38;5;48m[ADB]&amp#27;[0m Reconnecting adb (target offline)
&amp#27;[38;5;48m[ADB]&amp#27;[0m Running '/users/punchh_divyanshu/Library/Android/sdk/platform-tools/adb -P 5037 reconnect offline'
&amp#27;[38;5;48m[ADB]&amp#27;[0m Getting connected devices
&amp#27;[38;5;48m[ADB]&amp#27;[0m No connected devices have been detected
&amp#27;[38;5;48m[ADB]&amp#27;[0m Could not find online devices
&amp#27;[38;5;48m[ADB]&amp#27;[0m Reconnecting adb (target offline)
&amp#27;[38;5;48m[ADB]&amp#27;[0m Running '/users/punchh_divyanshu/Library/Android/sdk/platform-tools/adb -P 5037 reconnect offline'
&amp#27;[38;5;48m[ADB]&amp#27;[0m Getting connected devices
&amp#27;[38;5;48m[ADB]&amp#27;[0m No connected devices have been detected
&amp#27;[38;5;48m[ADB]&amp#27;[0m Could not find online devices
&amp#27;[38;5;48m[ADB]&amp#27;[0m Reconnecting adb (target offline)
&amp#27;[38;5;48m[ADB]&amp#27;[0m Running '/users/punchh_divyanshu/Library/Android/sdk/platform-tools/adb -P 5037 reconnect offline'
&amp#27;[38;5;48m[ADB]&amp#27;[0m Getting connected devices
&amp#27;[38;5;48m[ADB]&amp#27;[0m No connected devices have been detected
&amp#27;[38;5;48m[ADB]&amp#27;[0m Could not find online devices
&amp#27;[38;5;48m[ADB]&amp#27;[0m Reconnecting adb (target offline)
&amp#27;[38;5;48m[ADB]&amp#27;[0m Running '/users/punchh_divyanshu/Library/Android/sdk/platform-tools/adb -P 5037 reconnect offline'
&amp#27;[38;5;48m[ADB]&amp#27;[0m Getting connected devices
&amp#27;[38;5;48m[ADB]&amp#27;[0m No connected devices have been detected
&amp#27;[38;5;48m[ADB]&amp#27;[0m Could not find online devices
&amp#27;[38;5;48m[ADB]&amp#27;[0m Reconnecting adb (target offline)
&amp#27;[38;5;48m[ADB]&amp#27;[0m Running '/users/punchh_divyanshu/Library/Android/sdk/platform-tools/adb -P 5037 reconnect offline'
&amp#27;[38;5;48m[ADB]&amp#27;[0m Getting connected devices
&amp#27;[38;5;48m[ADB]&amp#27;[0m No connected devices have been detected
&amp#27;[38;5;48m[ADB]&amp#27;[0m Could not find online devices
&amp#27;[38;5;48m[ADB]&amp#27;[0m Reconnecting adb (target offline)
&amp#27;[38;5;48m[ADB]&amp#27;[0m Running '/users/punchh_divyanshu/Library/Android/sdk/platform-tools/adb -P 5037 reconnect offline'
&amp#27;[38;5;48m[ADB]&amp#27;[0m Getting connected devices
&amp#27;[38;5;48m[ADB]&amp#27;[0m No connected devices have been detected
&amp#27;[38;5;48m[ADB]&amp#27;[0m Could not find online devices
&amp#27;[38;5;48m[ADB]&amp#27;[0m Reconnecting adb (target offline)
&amp#27;[38;5;48m[ADB]&amp#27;[0m Running '/users/punchh_divyanshu/Library/Android/sdk/platform-tools/adb -P 5037 reconnect offline'
&amp#27;[38;5;48m[ADB]&amp#27;[0m Getting connected devices
&amp#27;[38;5;48m[ADB]&amp#27;[0m No connected devices have been detected
&amp#27;[38;5;48m[ADB]&amp#27;[0m Could not find online devices
&amp#27;[38;5;48m[ADB]&amp#27;[0m Reconnecting adb (target offline)
&amp#27;[38;5;48m[ADB]&amp#27;[0m Running '/users/punchh_divyanshu/Library/Android/sdk/platform-tools/adb -P 5037 reconnect offline'
&amp#27;[38;5;48m[ADB]&amp#27;[0m Getting connected devices
&amp#27;[38;5;48m[ADB]&amp#27;[0m No connected devices have been detected
&amp#27;[38;5;48m[ADB]&amp#27;[0m Could not find online devices
&amp#27;[38;5;48m[ADB]&amp#27;[0m Reconnecting adb (target offline)
&amp#27;[38;5;48m[ADB]&amp#27;[0m Running '/users/punchh_divyanshu/Library/Android/sdk/platform-tools/adb -P 5037 reconnect offline'
&amp#27;[38;5;48m[ADB]&amp#27;[0m Getting connected devices
&amp#27;[38;5;48m[ADB]&amp#27;[0m No connected devices have been detected
&amp#27;[38;5;48m[ADB]&amp#27;[0m Could not find online devices
&amp#27;[38;5;48m[ADB]&amp#27;[0m Reconnecting adb (target offline)
&amp#27;[38;5;48m[ADB]&amp#27;[0m Running '/users/punchh_divyanshu/Library/Android/sdk/platform-tools/adb -P 5037 reconnect offline'
&amp#27;[38;5;48m[ADB]&amp#27;[0m Getting connected devices
&amp#27;[38;5;48m[ADB]&amp#27;[0m No connected devices have been detected
&amp#27;[38;5;48m[ADB]&amp#27;[0m Could not find online devices
&amp#27;[38;5;48m[ADB]&amp#27;[0m Reconnecting adb (target offline)
&amp#27;[38;5;48m[ADB]&amp#27;[0m Running '/users/punchh_divyanshu/Library/Android/sdk/platform-tools/adb -P 5037 reconnect offline'
&amp#27;[38;5;48m[ADB]&amp#27;[0m Getting connected devices
&amp#27;[38;5;48m[ADB]&amp#27;[0m No connected devices have been detected
&amp#27;[38;5;48m[ADB]&amp#27;[0m Could not find online devices
&amp#27;[38;5;48m[ADB]&amp#27;[0m Reconnecting adb (target offline)
&amp#27;[38;5;48m[ADB]&amp#27;[0m Running '/users/punchh_divyanshu/Library/Android/sdk/platform-tools/adb -P 5037 reconnect offline'
&amp#27;[38;5;48m[ADB]&amp#27;[0m Getting connected devices
&amp#27;[38;5;48m[ADB]&amp#27;[0m No connected devices have been detected
&amp#27;[38;5;48m[ADB]&amp#27;[0m Could not find online devices
&amp#27;[38;5;48m[ADB]&amp#27;[0m Reconnecting adb (target offline)
&amp#27;[38;5;48m[ADB]&amp#27;[0m Running '/users/punchh_divyanshu/Library/Android/sdk/platform-tools/adb -P 5037 reconnect offline'
&amp#27;[38;5;48m[ADB]&amp#27;[0m Getting connected devices
&amp#27;[38;5;48m[ADB]&amp#27;[0m No connected devices have been detected
&amp#27;[38;5;48m[ADB]&amp#27;[0m Could not find online devices
&amp#27;[38;5;48m[ADB]&amp#27;[0m Reconnecting adb (target offline)
&amp#27;[38;5;48m[ADB]&amp#27;[0m Running '/users/punchh_divyanshu/Library/Android/sdk/platform-tools/adb -P 5037 reconnect offline'
&amp#27;[38;5;48m[ADB]&amp#27;[0m Getting connected devices
&amp#27;[38;5;48m[ADB]&amp#27;[0m No connected devices have been detected
&amp#27;[38;5;48m[ADB]&amp#27;[0m Could not find online devices
&amp#27;[38;5;48m[ADB]&amp#27;[0m Reconnecting adb (target offline)
&amp#27;[38;5;48m[ADB]&amp#27;[0m Running '/users/punchh_divyanshu/Library/Android/sdk/platform-tools/adb -P 5037 reconnect offline'
&amp#27;[38;5;48m[ADB]&amp#27;[0m Getting connected devices
&amp#27;[38;5;48m[ADB]&amp#27;[0m No connected devices have been detected
&amp#27;[38;5;48m[ADB]&amp#27;[0m Could not find online devices
&amp#27;[38;5;48m[ADB]&amp#27;[0m Reconnecting adb (target offline)
&amp#27;[38;5;48m[ADB]&amp#27;[0m Running '/users/punchh_divyanshu/Library/Android/sdk/platform-tools/adb -P 5037 reconnect offline'
&amp#27;[38;5;48m[ADB]&amp#27;[0m Getting connected devices
&amp#27;[38;5;48m[ADB]&amp#27;[0m No connected devices have been detected
&amp#27;[38;5;48m[ADB]&amp#27;[0m Could not find online devices
&amp#27;[38;5;48m[ADB]&amp#27;[0m Reconnecting adb (target offline)
&amp#27;[38;5;48m[ADB]&amp#27;[0m Running '/users/punchh_divyanshu/Library/Android/sdk/platform-tools/adb -P 5037 reconnect offline'
&amp#27;[38;5;48m[ADB]&amp#27;[0m Getting connected devices
&amp#27;[38;5;48m[ADB]&amp#27;[0m No connected devices have been detected
&amp#27;[38;5;48m[ADB]&amp#27;[0m Could not find online devices
&amp#27;[38;5;48m[ADB]&amp#27;[0m Reconnecting adb (target offline)
&amp#27;[38;5;48m[ADB]&amp#27;[0m Running '/users/punchh_divyanshu/Library/Android/sdk/platform-tools/adb -P 5037 reconnect offline'
&amp#27;[38;5;48m[ADB]&amp#27;[0m Getting connected devices
&amp#27;[38;5;48m[ADB]&amp#27;[0m No connected devices have been detected
&amp#27;[38;5;48m[ADB]&amp#27;[0m Could not find online devices
&amp#27;[38;5;48m[ADB]&amp#27;[0m Reconnecting adb (target offline)
&amp#27;[38;5;48m[ADB]&amp#27;[0m Running '/users/punchh_divyanshu/Library/Android/sdk/platform-tools/adb -P 5037 reconnect offline'
&amp#27;[38;5;48m[ADB]&amp#27;[0m Getting connected devices
&amp#27;[38;5;48m[ADB]&amp#27;[0m No connected devices have been detected
&amp#27;[38;5;48m[ADB]&amp#27;[0m Could not find online devices
&amp#27;[38;5;48m[ADB]&amp#27;[0m Reconnecting adb (target offline)
&amp#27;[38;5;48m[ADB]&amp#27;[0m Running '/users/punchh_divyanshu/Library/Android/sdk/platform-tools/adb -P 5037 reconnect offline'
&amp#27;[38;5;48m[ADB]&amp#27;[0m Getting connected devices
&amp#27;[38;5;48m[ADB]&amp#27;[0m No connected devices have been detected
&amp#27;[38;5;48m[ADB]&amp#27;[0m Could not find online devices
&amp#27;[38;5;48m[ADB]&amp#27;[0m Reconnecting adb (target offline)
&amp#27;[38;5;48m[ADB]&amp#27;[0m Running '/users/punchh_divyanshu/Library/Android/sdk/platform-tools/adb -P 5037 reconnect offline'
&amp#27;[38;5;48m[ADB]&amp#27;[0m Getting connected devices
&amp#27;[38;5;48m[ADB]&amp#27;[0m No connected devices have been detected
&amp#27;[38;5;48m[ADB]&amp#27;[0m Could not find online devices
&amp#27;[38;5;48m[ADB]&amp#27;[0m Reconnecting adb (target offline)
&amp#27;[38;5;48m[ADB]&amp#27;[0m Running '/users/punchh_divyanshu/Library/Android/sdk/platform-tools/adb -P 5037 reconnect offline'
&amp#27;[38;5;48m[ADB]&amp#27;[0m Getting connected devices
&amp#27;[38;5;48m[ADB]&amp#27;[0m No connected devices have been detected
&amp#27;[38;5;48m[ADB]&amp#27;[0m Could not find online devices
&amp#27;[38;5;48m[ADB]&amp#27;[0m Reconnecting adb (target offline)
&amp#27;[38;5;48m[ADB]&amp#27;[0m Running '/users/punchh_divyanshu/Library/Android/sdk/platform-tools/adb -P 5037 reconnect offline'
&amp#27;[38;5;48m[ADB]&amp#27;[0m Getting connected devices
&amp#27;[38;5;48m[ADB]&amp#27;[0m No connected devices have been detected
&amp#27;[38;5;48m[ADB]&amp#27;[0m Could not find online devices
&amp#27;[38;5;48m[ADB]&amp#27;[0m Reconnecting adb (target offline)
&amp#27;[38;5;48m[ADB]&amp#27;[0m Running '/users/punchh_divyanshu/Library/Android/sdk/platform-tools/adb -P 5037 reconnect offline'
&amp#27;[38;5;48m[ADB]&amp#27;[0m Getting connected devices
&amp#27;[38;5;48m[ADB]&amp#27;[0m No connected devices have been detected
&amp#27;[38;5;48m[ADB]&amp#27;[0m Could not find online devices
&amp#27;[38;5;48m[ADB]&amp#27;[0m Reconnecting adb (target offline)
&amp#27;[38;5;48m[ADB]&amp#27;[0m Running '/users/punchh_divyanshu/Library/Android/sdk/platform-tools/adb -P 5037 reconnect offline'
&amp#27;[38;5;48m[ADB]&amp#27;[0m Getting connected devices
&amp#27;[38;5;48m[ADB]&amp#27;[0m No connected devices have been detected
&amp#27;[38;5;48m[ADB]&amp#27;[0m Could not find online devices
&amp#27;[38;5;48m[ADB]&amp#27;[0m Reconnecting adb (target offline)
&amp#27;[38;5;48m[ADB]&amp#27;[0m Running '/users/punchh_divyanshu/Library/Android/sdk/platform-tools/adb -P 5037 reconnect offline'
&amp#27;[38;5;48m[ADB]&amp#27;[0m Getting connected devices
&amp#27;[38;5;48m[ADB]&amp#27;[0m No connected devices have been detected
&amp#27;[38;5;48m[ADB]&amp#27;[0m Could not find online devices
&amp#27;[38;5;48m[ADB]&amp#27;[0m Reconnecting adb (target offline)
&amp#27;[38;5;48m[ADB]&amp#27;[0m Running '/users/punchh_divyanshu/Library/Android/sdk/platform-tools/adb -P 5037 reconnect offline'
&amp#27;[38;5;48m[ADB]&amp#27;[0m Getting connected devices
&amp#27;[38;5;48m[ADB]&amp#27;[0m No connected devices have been detected
&amp#27;[38;5;48m[ADB]&amp#27;[0m Could not find online devices
&amp#27;[38;5;48m[ADB]&amp#27;[0m Reconnecting adb (target offline)
&amp#27;[38;5;48m[ADB]&amp#27;[0m Running '/users/punchh_divyanshu/Library/Android/sdk/platform-tools/adb -P 5037 reconnect offline'
&amp#27;[38;5;48m[ADB]&amp#27;[0m Getting connected devices
&amp#27;[38;5;48m[ADB]&amp#27;[0m No connected devices have been detected
&amp#27;[38;5;48m[ADB]&amp#27;[0m Could not find online devices
&amp#27;[38;5;48m[ADB]&amp#27;[0m Reconnecting adb (target offline)
&amp#27;[38;5;48m[ADB]&amp#27;[0m Running '/users/punchh_divyanshu/Library/Android/sdk/platform-tools/adb -P 5037 reconnect offline'
&amp#27;[38;5;48m[ADB]&amp#27;[0m Getting connected devices
&amp#27;[38;5;48m[ADB]&amp#27;[0m No connected devices have been detected
&amp#27;[38;5;48m[ADB]&amp#27;[0m Could not find online devices
&amp#27;[38;5;48m[ADB]&amp#27;[0m Reconnecting adb (target offline)
&amp#27;[38;5;48m[ADB]&amp#27;[0m Running '/users/punchh_divyanshu/Library/Android/sdk/platform-tools/adb -P 5037 reconnect offline'
&amp#27;[38;5;32m[AndroidUiautomator2Driver@f3ef (521e9412)]&amp#27;[0m Deleting UiAutomator2 session
&amp#27;[38;5;16m[AppiumDriver@d0d6]&amp#27;[0m Event 'newSessionStarted' logged at 1727430898207 (15:24:58 GMT+0530 (India Standard Time))
&amp#27;[38;5;16m[AppiumDriver@d0d6]&amp#27;[0m Encountered internal error running command: Error: Could not find a connected Android device in 20000ms
&amp#27;[38;5;16m[AppiumDriver@d0d6]&amp#27;[0m     at ADB.getDevicesWithRetry (/Users/punchh_divyanshu/node_modules/appium-uiautomator2-driver/node_modules/appium-adb/lib/tools/system-calls.js:332:13)
&amp#27;[38;5;16m[AppiumDriver@d0d6]&amp#27;[0m     at AndroidUiautomator2Driver.getDeviceInfoFromCaps (/Users/punchh_divyanshu/node_modules/appium-uiautomator2-driver/node_modules/appium-android-driver/lib/commands/device/common.js:35:21)
&amp#27;[38;5;16m[AppiumDriver@d0d6]&amp#27;[0m     at AndroidUiautomator2Driver.createSession (/Users/punchh_divyanshu/node_modules/appium-uiautomator2-driver/lib/driver.ts:363:30)
&amp#27;[38;5;16m[AppiumDriver@d0d6]&amp#27;[0m     at AppiumDriver.createSession (/usr/local/lib/node_modules/appium/lib/appium.js:717:35)
&amp#27;[38;5;0m[HTTP]&amp#27;[0m <-- POST /session 500 20238 ms - 604
&amp#27;[38;5;0m[HTTP]&amp#27;[0m 
]]></system-out>
  </testcase>
  <testcase name="ConfigureAppium" classname="org.example.Module.HybridTestCase" time="28.339">
    <failure message="Could not start a new session. Response code 500. Message: An unknown server-side error occurred while processing the command. Original error: Could not find a connected Android device in 20000ms &#10;Host info: host: &apos;192.168.1.5&apos;, ip: &apos;2401:4900:889a:5449:1585:e1b5:cc32:34ae%en0&apos;&#10;Build info: version: &apos;4.25.0&apos;, revision: &apos;8a8aea2337&apos;&#10;System info: os.name: &apos;Mac OS X&apos;, os.arch: &apos;aarch64&apos;, os.version: &apos;14.5&apos;, java.version: &apos;20.0.2&apos;&#10;Driver info: io.appium.java_client.android.AndroidDriver&#10;Command: [null, newSession {capabilities=[Capabilities {appium:app: /Users/punchh_divyanshu/Des..., appium:automationName: UIAutomator2, appium:chromedriverExecutable: /Users/punchh_divyanshu/Dow..., appium:deviceName: Pixel 8 API 33 Emulator, platformName: ANDROID}]}]&#10;Capabilities {appium:app: /Users/punchh_divyanshu/Des..., appium:automationName: UIAutomator2, appium:chromedriverExecutable: /Users/punchh_divyanshu/Dow..., appium:deviceName: Pixel 8 API 33 Emulator, platformName: ANDROID}" type="org.openqa.selenium.SessionNotCreatedException"><![CDATA[org.openqa.selenium.SessionNotCreatedException: 
Could not start a new session. Response code 500. Message: An unknown server-side error occurred while processing the command. Original error: Could not find a connected Android device in 20000ms 
Host info: host: '192.168.1.5', ip: '2401:4900:889a:5449:1585:e1b5:cc32:34ae%en0'
Build info: version: '4.25.0', revision: '8a8aea2337'
System info: os.name: 'Mac OS X', os.arch: 'aarch64', os.version: '14.5', java.version: '20.0.2'
Driver info: io.appium.java_client.android.AndroidDriver
Command: [null, newSession {capabilities=[Capabilities {appium:app: /Users/punchh_divyanshu/Des..., appium:automationName: UIAutomator2, appium:chromedriverExecutable: /Users/punchh_divyanshu/Dow..., appium:deviceName: Pixel 8 API 33 Emulator, platformName: ANDROID}]}]
Capabilities {appium:app: /Users/punchh_divyanshu/Des..., appium:automationName: UIAutomator2, appium:chromedriverExecutable: /Users/punchh_divyanshu/Dow..., appium:deviceName: Pixel 8 API 33 Emulator, platformName: ANDROID}
	at org.openqa.selenium.remote.ProtocolHandshake.createSession(ProtocolHandshake.java:114)
	at org.openqa.selenium.remote.ProtocolHandshake.createSession(ProtocolHandshake.java:75)
	at org.openqa.selenium.remote.ProtocolHandshake.createSession(ProtocolHandshake.java:61)
	at io.appium.java_client.remote.AppiumCommandExecutor.createSession(AppiumCommandExecutor.java:176)
	at io.appium.java_client.remote.AppiumCommandExecutor.execute(AppiumCommandExecutor.java:237)
	at org.openqa.selenium.remote.RemoteWebDriver.execute(RemoteWebDriver.java:545)
	at io.appium.java_client.AppiumDriver.startSession(AppiumDriver.java:270)
	at org.openqa.selenium.remote.RemoteWebDriver.<init>(RemoteWebDriver.java:174)
	at io.appium.java_client.AppiumDriver.<init>(AppiumDriver.java:91)
	at io.appium.java_client.AppiumDriver.<init>(AppiumDriver.java:103)
	at io.appium.java_client.android.AndroidDriver.<init>(AndroidDriver.java:109)
	at org.example.TestUtils.AndroidBaseTest.ConfigureAppium(AndroidBaseTest.java:85)
	at java.base/jdk.internal.reflect.DirectMethodHandleAccessor.invoke(DirectMethodHandleAccessor.java:104)
	at java.base/java.lang.reflect.Method.invoke(Method.java:578)
	at org.testng.internal.MethodInvocationHelper.invokeMethod(MethodInvocationHelper.java:124)
	at org.testng.internal.MethodInvocationHelper.invokeMethodConsideringTimeout(MethodInvocationHelper.java:59)
	at org.testng.internal.Invoker.invokeConfigurationMethod(Invoker.java:458)
	at org.testng.internal.Invoker.invokeConfigurations(Invoker.java:222)
	at org.testng.internal.Invoker.invokeConfigurations(Invoker.java:142)
	at org.testng.internal.TestMethodWorker.invokeBeforeClassMethods(TestMethodWorker.java:168)
	at org.testng.internal.TestMethodWorker.run(TestMethodWorker.java:105)
	at org.testng.TestRunner.privateRun(TestRunner.java:648)
	at org.testng.TestRunner.run(TestRunner.java:505)
	at org.testng.SuiteRunner.runTest(SuiteRunner.java:455)
	at org.testng.SuiteRunner.runSequentially(SuiteRunner.java:450)
	at org.testng.SuiteRunner.privateRun(SuiteRunner.java:415)
	at org.testng.SuiteRunner.run(SuiteRunner.java:364)
	at org.testng.SuiteRunnerWorker.runSuite(SuiteRunnerWorker.java:52)
	at org.testng.SuiteRunnerWorker.run(SuiteRunnerWorker.java:84)
	at org.testng.TestNG.runSuitesSequentially(TestNG.java:1208)
	at org.testng.TestNG.runSuitesLocally(TestNG.java:1137)
	at org.testng.TestNG.runSuites(TestNG.java:1049)
	at org.testng.TestNG.run(TestNG.java:1017)
	at org.apache.maven.surefire.testng.TestNGExecutor.run(TestNGExecutor.java:308)
	at org.apache.maven.surefire.testng.TestNGXmlTestSuite.execute(TestNGXmlTestSuite.java:71)
	at org.apache.maven.surefire.testng.TestNGProvider.invoke(TestNGProvider.java:113)
	at org.apache.maven.surefire.booter.ForkedBooter.runSuitesInProcess(ForkedBooter.java:385)
	at org.apache.maven.surefire.booter.ForkedBooter.execute(ForkedBooter.java:162)
	at org.apache.maven.surefire.booter.ForkedBooter.run(ForkedBooter.java:507)
	at org.apache.maven.surefire.booter.ForkedBooter.main(ForkedBooter.java:495)
]]></failure>
    <system-out><![CDATA[&amp#27;[38;5;0m[HTTP]&amp#27;[0m &amp#27;[37m-->&amp#27;[39m &amp#27;[37mDELETE&amp#27;[39m &amp#27;[37m/session/9315c4cc-a9ab-416e-b9d1-ebafad3e1fd1&amp#27;[39m
&amp#27;[38;5;0m[HTTP]&amp#27;[0m {}
&amp#27;[38;5;64m[XCUITestDriver@ab00 (9315c4cc)]&amp#27;[0m Calling AppiumDriver.deleteSession() with args: ["9315c4cc-a9ab-416e-b9d1-ebafad3e1fd1"]
&amp#27;[38;5;16m[AppiumDriver@d0d6]&amp#27;[0m Event 'quitSessionRequested' logged at 1727430913684 (15:25:13 GMT+0530 (India Standard Time))
&amp#27;[38;5;16m[AppiumDriver@d0d6]&amp#27;[0m Removing session 9315c4cc-a9ab-416e-b9d1-ebafad3e1fd1 from our master session list
&amp#27;[38;5;64m[XCUITestDriver@ab00 (9315c4cc)]&amp#27;[0m Matched '/session/9315c4cc-a9ab-416e-b9d1-ebafad3e1fd1' to command name 'deleteSession'
&amp#27;[38;5;64m[XCUITestDriver@ab00 (9315c4cc)]&amp#27;[0m Proxying [DELETE /session/9315c4cc-a9ab-416e-b9d1-ebafad3e1fd1] to [DELETE http://127.0.0.1:8100/session/958B9F67-4F00-4316-B32B-AD8DCB1CC8F9] with no body
&amp#27;[38;5;64m[XCUITestDriver@ab00 (9315c4cc)]&amp#27;[0m Got response with status 200: {"value":null,"sessionId":null}
&amp#27;[38;5;144m[DevCon Factory]&amp#27;[0m Releasing connections for 908A038A-7715-466C-AB2E-241C25D68F2F device on any port number
&amp#27;[38;5;144m[DevCon Factory]&amp#27;[0m Found cached connections to release: ["908A038A-7715-466C-AB2E-241C25D68F2F:8100"]
&amp#27;[38;5;144m[DevCon Factory]&amp#27;[0m Cached connections count: 0
&amp#27;[38;5;64m[XCUITestDriver@ab00 (9315c4cc)]&amp#27;[0m Not clearing log files. Use `clearSystemFiles` capability to turn on.
&amp#27;[38;5;128m[IOSSimulatorLog]&amp#27;[0m Stopping iOS log capture
&amp#27;[38;5;16m[AppiumDriver@d0d6]&amp#27;[0m Event 'quitSessionFinished' logged at 1727430914760 (15:25:14 GMT+0530 (India Standard Time))
&amp#27;[38;5;16m[AppiumDriver@d0d6]&amp#27;[0m Received response: null
&amp#27;[38;5;16m[AppiumDriver@d0d6]&amp#27;[0m But deleting session, so not returning
&amp#27;[38;5;16m[AppiumDriver@d0d6]&amp#27;[0m Responding to client with driver.deleteSession() result: null
&amp#27;[38;5;0m[HTTP]&amp#27;[0m <-- DELETE /session/9315c4cc-a9ab-416e-b9d1-ebafad3e1fd1 200 1078 ms - 14
&amp#27;[38;5;0m[HTTP]&amp#27;[0m 
&amp#27;[38;5;0m[HTTP]&amp#27;[0m &amp#27;[37m-->&amp#27;[39m &amp#27;[37mGET&amp#27;[39m &amp#27;[37m/status&amp#27;[39m
&amp#27;[38;5;0m[HTTP]&amp#27;[0m {}
&amp#27;[38;5;16m[AppiumDriver@d0d6]&amp#27;[0m Calling AppiumDriver.getStatus() with args: []
&amp#27;[38;5;16m[AppiumDriver@d0d6]&amp#27;[0m Responding to client with driver.getStatus() result: {"ready":true,"message":"The server is ready to accept new connections","build":{"version":"2.6.0"}}
&amp#27;[38;5;0m[HTTP]&amp#27;[0m <-- GET /status 200 0 ms - 110
&amp#27;[38;5;0m[HTTP]&amp#27;[0m 
&amp#27;[38;5;0m[HTTP]&amp#27;[0m Request idempotency key: 06d28bda-1e56-4687-b4bc-32760ab13162
&amp#27;[38;5;0m[HTTP]&amp#27;[0m &amp#27;[37m-->&amp#27;[39m &amp#27;[37mPOST&amp#27;[39m &amp#27;[37m/session&amp#27;[39m
&amp#27;[38;5;0m[HTTP]&amp#27;[0m {"capabilities":{"firstMatch":[{"appium:chromedriverExecutable":"/Users/punchh_divyanshu/Downloads/chromedriver","appium:deviceName":"Pixel 8 API 33 Emulator","platformName":"ANDROID","appium:automationName":"UIAutomator2","appium:app":"/Users/punchh_divyanshu/Desktop/AppiumFrameworkDesignDemo//src//test//java//resources//General-Store.apk"}]}}
&amp#27;[38;5;16m[AppiumDriver@d0d6]&amp#27;[0m Calling AppiumDriver.createSession() with args: [null,null,{"firstMatch":[{"appium:chromedriverExecutable":"/Users/punchh_divyanshu/Downloads/chromedriver","appium:deviceName":"Pixel 8 API 33 Emulator","platformName":"ANDROID","appium:automationName":"UIAutomator2","appium:app":"/Users/punchh_divyanshu/Desktop/AppiumFrameworkDesignDemo//src//test//java//resources//General-Store.apk"}]}]
&amp#27;[38;5;16m[AppiumDriver@d0d6]&amp#27;[0m Event 'newSessionRequested' logged at 1727430914953 (15:25:14 GMT+0530 (India Standard Time))
[Appium] Attempting to find matching driver for automationName 'UIAutomator2' and platformName 'ANDROID'
[Appium] The 'uiautomator2' driver was installed and matched caps.
[Appium] Will require it at /Users/punchh_divyanshu/node_modules/appium-uiautomator2-driver
[Appium] Requiring driver at /Users/punchh_divyanshu/node_modules/appium-uiautomator2-driver/build/index.js
&amp#27;[38;5;16m[AppiumDriver@d0d6]&amp#27;[0m Appium v2.6.0 creating new AndroidUiautomator2Driver (v3.0.4) session
&amp#27;[38;5;16m[AppiumDriver@d0d6]&amp#27;[0m Checking BaseDriver versions for Appium and AndroidUiautomator2Driver
&amp#27;[38;5;16m[AppiumDriver@d0d6]&amp#27;[0m Appium's BaseDriver version is 9.7.0
&amp#27;[38;5;16m[AppiumDriver@d0d6]&amp#27;[0m AndroidUiautomator2Driver's BaseDriver version is 9.5.2
&amp#27;[38;5;32m[AndroidUiautomator2Driver@5fba]&amp#27;[0m Creating session with W3C capabilities: {
&amp#27;[38;5;32m[AndroidUiautomator2Driver@5fba]&amp#27;[0m   "alwaysMatch": {
&amp#27;[38;5;32m[AndroidUiautomator2Driver@5fba]&amp#27;[0m     "platformName": "ANDROID",
&amp#27;[38;5;32m[AndroidUiautomator2Driver@5fba]&amp#27;[0m     "appium:chromedriverExecutable": "/Users/punchh_divyanshu/Downloads/chromedriver",
&amp#27;[38;5;32m[AndroidUiautomator2Driver@5fba]&amp#27;[0m     "appium:deviceName": "Pixel 8 API 33 Emulator",
&amp#27;[38;5;32m[AndroidUiautomator2Driver@5fba]&amp#27;[0m     "appium:automationName": "UIAutomator2",
&amp#27;[38;5;32m[AndroidUiautomator2Driver@5fba]&amp#27;[0m     "appium:app": "/Users/punchh_divyanshu/Desktop/AppiumFrameworkDesignDemo//src//test//java//resources//General-Store.apk"
&amp#27;[38;5;32m[AndroidUiautomator2Driver@5fba]&amp#27;[0m   },
&amp#27;[38;5;32m[AndroidUiautomator2Driver@5fba]&amp#27;[0m   "firstMatch": [
&amp#27;[38;5;32m[AndroidUiautomator2Driver@5fba]&amp#27;[0m     {}
&amp#27;[38;5;32m[AndroidUiautomator2Driver@5fba]&amp#27;[0m   ]
&amp#27;[38;5;32m[AndroidUiautomator2Driver@5fba]&amp#27;[0m }
&amp#27;[38;5;32m[AndroidUiautomator2Driver@5fba (aeb0e4c4)]&amp#27;[0m Session created with session id: aeb0e4c4-d98a-40c8-a90c-afdf0621b0a8
&amp#27;[38;5;48m[ADB]&amp#27;[0m Using 'adb' from '/users/punchh_divyanshu/Library/Android/sdk/platform-tools/adb'
&amp#27;[38;5;48m[ADB]&amp#27;[0m Running '/users/punchh_divyanshu/Library/Android/sdk/platform-tools/adb -P 5037 start-server'
&amp#27;[38;5;32m[AndroidUiautomator2Driver@5fba (aeb0e4c4)]&amp#27;[0m Retrieving device list
&amp#27;[38;5;48m[ADB]&amp#27;[0m Trying to find connected Android devices
&amp#27;[38;5;48m[ADB]&amp#27;[0m Getting connected devices
&amp#27;[38;5;48m[ADB]&amp#27;[0m No connected devices have been detected
&amp#27;[38;5;48m[ADB]&amp#27;[0m Could not find online devices
&amp#27;[38;5;48m[ADB]&amp#27;[0m Reconnecting adb (target offline)
&amp#27;[38;5;48m[ADB]&amp#27;[0m Running '/users/punchh_divyanshu/Library/Android/sdk/platform-tools/adb -P 5037 reconnect offline'
&amp#27;[38;5;48m[ADB]&amp#27;[0m Getting connected devices
&amp#27;[38;5;48m[ADB]&amp#27;[0m No connected devices have been detected
&amp#27;[38;5;48m[ADB]&amp#27;[0m Could not find online devices
&amp#27;[38;5;48m[ADB]&amp#27;[0m Reconnecting adb (target offline)
&amp#27;[38;5;48m[ADB]&amp#27;[0m Running '/users/punchh_divyanshu/Library/Android/sdk/platform-tools/adb -P 5037 reconnect offline'
&amp#27;[38;5;48m[ADB]&amp#27;[0m Getting connected devices
&amp#27;[38;5;48m[ADB]&amp#27;[0m No connected devices have been detected
&amp#27;[38;5;48m[ADB]&amp#27;[0m Could not find online devices
&amp#27;[38;5;48m[ADB]&amp#27;[0m Reconnecting adb (target offline)
&amp#27;[38;5;48m[ADB]&amp#27;[0m Running '/users/punchh_divyanshu/Library/Android/sdk/platform-tools/adb -P 5037 reconnect offline'
&amp#27;[35m[Appium]&amp#27;[39m Welcome to Appium v2.6.0
&amp#27;[35m[Appium]&amp#27;[39m Non-default server args:
&amp#27;[35m[Appium]&amp#27;[39m { address: &amp#27;[32m'127.0.0.1'&amp#27;[39m }
&amp#27;[35m[Appium]&amp#27;[39m The autodetected Appium home path: /Users/punchh_divyanshu
&amp#27;[35m[Appium]&amp#27;[39m Attempting to load driver uiautomator2...
&amp#27;[35m[Appium]&amp#27;[39m Attempting to load driver xcuitest...
&amp#27;[35m[Appium]&amp#27;[39m Requiring driver at /Users/punchh_divyanshu/node_modules/appium-uiautomator2-driver/build/index.js
&amp#27;[35m[Appium]&amp#27;[39m Requiring driver at /Users/punchh_divyanshu/node_modules/appium-xcuitest-driver/build/index.js
&amp#27;[38;5;48m[ADB]&amp#27;[0m Getting connected devices
&amp#27;[38;5;48m[ADB]&amp#27;[0m No connected devices have been detected
&amp#27;[38;5;48m[ADB]&amp#27;[0m Could not find online devices
&amp#27;[38;5;48m[ADB]&amp#27;[0m Reconnecting adb (target offline)
&amp#27;[38;5;48m[ADB]&amp#27;[0m Running '/users/punchh_divyanshu/Library/Android/sdk/platform-tools/adb -P 5037 reconnect offline'
&amp#27;[38;5;48m[ADB]&amp#27;[0m Getting connected devices
&amp#27;[38;5;48m[ADB]&amp#27;[0m No connected devices have been detected
&amp#27;[38;5;48m[ADB]&amp#27;[0m Could not find online devices
&amp#27;[38;5;48m[ADB]&amp#27;[0m Reconnecting adb (target offline)
&amp#27;[38;5;48m[ADB]&amp#27;[0m Running '/users/punchh_divyanshu/Library/Android/sdk/platform-tools/adb -P 5037 reconnect offline'
&amp#27;[38;5;48m[ADB]&amp#27;[0m Getting connected devices
&amp#27;[38;5;48m[ADB]&amp#27;[0m No connected devices have been detected
&amp#27;[38;5;48m[ADB]&amp#27;[0m Could not find online devices
&amp#27;[38;5;48m[ADB]&amp#27;[0m Reconnecting adb (target offline)
&amp#27;[38;5;48m[ADB]&amp#27;[0m Running '/users/punchh_divyanshu/Library/Android/sdk/platform-tools/adb -P 5037 reconnect offline'
&amp#27;[38;5;48m[ADB]&amp#27;[0m Getting connected devices
&amp#27;[38;5;48m[ADB]&amp#27;[0m No connected devices have been detected
&amp#27;[38;5;48m[ADB]&amp#27;[0m Could not find online devices
&amp#27;[38;5;48m[ADB]&amp#27;[0m Reconnecting adb (target offline)
&amp#27;[38;5;48m[ADB]&amp#27;[0m Running '/users/punchh_divyanshu/Library/Android/sdk/platform-tools/adb -P 5037 reconnect offline'
&amp#27;[38;5;48m[ADB]&amp#27;[0m Getting connected devices
&amp#27;[38;5;48m[ADB]&amp#27;[0m No connected devices have been detected
&amp#27;[38;5;48m[ADB]&amp#27;[0m Could not find online devices
&amp#27;[38;5;48m[ADB]&amp#27;[0m Reconnecting adb (target offline)
&amp#27;[38;5;48m[ADB]&amp#27;[0m Running '/users/punchh_divyanshu/Library/Android/sdk/platform-tools/adb -P 5037 reconnect offline'
[Appium] AndroidUiautomator2Driver has been successfully loaded in 1.017s
[Appium] XCUITestDriver has been successfully loaded in 1.017s
&amp#27;[38;5;0m[HTTP]&amp#27;[0m Could not start REST http interface listener. The requested port may already be in use. Please make sure there is no other instance of this server running already.
[Appium] Could not configure Appium server. It's possible that a driver or plugin tried to update the server and failed. Original error: listen EADDRINUSE: address already in use 127.0.0.1:4723
[Appium] Error: listen EADDRINUSE: address already in use 127.0.0.1:4723
[Appium]     at Server.setupListenHandle [as _listen2] (node:net:1740:16)
[Appium]     at listenInCluster (node:net:1788:12)
[Appium]     at doListen (node:net:1937:7)
[Appium]     at processTicksAndRejections (node:internal/process/task_queues:83:21)
&amp#27;[38;5;48m[ADB]&amp#27;[0m Getting connected devices
&amp#27;[38;5;48m[ADB]&amp#27;[0m No connected devices have been detected
&amp#27;[38;5;48m[ADB]&amp#27;[0m Could not find online devices
&amp#27;[38;5;48m[ADB]&amp#27;[0m Reconnecting adb (target offline)
&amp#27;[38;5;48m[ADB]&amp#27;[0m Running '/users/punchh_divyanshu/Library/Android/sdk/platform-tools/adb -P 5037 reconnect offline'
&amp#27;[38;5;48m[ADB]&amp#27;[0m Getting connected devices
&amp#27;[38;5;48m[ADB]&amp#27;[0m No connected devices have been detected
&amp#27;[38;5;48m[ADB]&amp#27;[0m Could not find online devices
&amp#27;[38;5;48m[ADB]&amp#27;[0m Reconnecting adb (target offline)
&amp#27;[38;5;48m[ADB]&amp#27;[0m Running '/users/punchh_divyanshu/Library/Android/sdk/platform-tools/adb -P 5037 reconnect offline'
&amp#27;[38;5;48m[ADB]&amp#27;[0m Getting connected devices
&amp#27;[38;5;48m[ADB]&amp#27;[0m No connected devices have been detected
&amp#27;[38;5;48m[ADB]&amp#27;[0m Could not find online devices
&amp#27;[38;5;48m[ADB]&amp#27;[0m Reconnecting adb (target offline)
&amp#27;[38;5;48m[ADB]&amp#27;[0m Running '/users/punchh_divyanshu/Library/Android/sdk/platform-tools/adb -P 5037 reconnect offline'
&amp#27;[38;5;48m[ADB]&amp#27;[0m Getting connected devices
&amp#27;[38;5;48m[ADB]&amp#27;[0m No connected devices have been detected
&amp#27;[38;5;48m[ADB]&amp#27;[0m Could not find online devices
&amp#27;[38;5;48m[ADB]&amp#27;[0m Reconnecting adb (target offline)
&amp#27;[38;5;48m[ADB]&amp#27;[0m Running '/users/punchh_divyanshu/Library/Android/sdk/platform-tools/adb -P 5037 reconnect offline'
&amp#27;[38;5;48m[ADB]&amp#27;[0m Getting connected devices
&amp#27;[38;5;48m[ADB]&amp#27;[0m No connected devices have been detected
&amp#27;[38;5;48m[ADB]&amp#27;[0m Could not find online devices
&amp#27;[38;5;48m[ADB]&amp#27;[0m Reconnecting adb (target offline)
&amp#27;[38;5;48m[ADB]&amp#27;[0m Running '/users/punchh_divyanshu/Library/Android/sdk/platform-tools/adb -P 5037 reconnect offline'
&amp#27;[38;5;48m[ADB]&amp#27;[0m Getting connected devices
&amp#27;[38;5;48m[ADB]&amp#27;[0m No connected devices have been detected
&amp#27;[38;5;48m[ADB]&amp#27;[0m Could not find online devices
&amp#27;[38;5;48m[ADB]&amp#27;[0m Reconnecting adb (target offline)
&amp#27;[38;5;48m[ADB]&amp#27;[0m Running '/users/punchh_divyanshu/Library/Android/sdk/platform-tools/adb -P 5037 reconnect offline'
&amp#27;[38;5;48m[ADB]&amp#27;[0m Getting connected devices
&amp#27;[38;5;48m[ADB]&amp#27;[0m No connected devices have been detected
&amp#27;[38;5;48m[ADB]&amp#27;[0m Could not find online devices
&amp#27;[38;5;48m[ADB]&amp#27;[0m Reconnecting adb (target offline)
&amp#27;[38;5;48m[ADB]&amp#27;[0m Running '/users/punchh_divyanshu/Library/Android/sdk/platform-tools/adb -P 5037 reconnect offline'
&amp#27;[38;5;48m[ADB]&amp#27;[0m Getting connected devices
&amp#27;[38;5;48m[ADB]&amp#27;[0m No connected devices have been detected
&amp#27;[38;5;48m[ADB]&amp#27;[0m Could not find online devices
&amp#27;[38;5;48m[ADB]&amp#27;[0m Reconnecting adb (target offline)
&amp#27;[38;5;48m[ADB]&amp#27;[0m Running '/users/punchh_divyanshu/Library/Android/sdk/platform-tools/adb -P 5037 reconnect offline'
&amp#27;[38;5;48m[ADB]&amp#27;[0m Getting connected devices
&amp#27;[38;5;48m[ADB]&amp#27;[0m No connected devices have been detected
&amp#27;[38;5;48m[ADB]&amp#27;[0m Could not find online devices
&amp#27;[38;5;48m[ADB]&amp#27;[0m Reconnecting adb (target offline)
&amp#27;[38;5;48m[ADB]&amp#27;[0m Running '/users/punchh_divyanshu/Library/Android/sdk/platform-tools/adb -P 5037 reconnect offline'
&amp#27;[38;5;48m[ADB]&amp#27;[0m Getting connected devices
&amp#27;[38;5;48m[ADB]&amp#27;[0m No connected devices have been detected
&amp#27;[38;5;48m[ADB]&amp#27;[0m Could not find online devices
&amp#27;[38;5;48m[ADB]&amp#27;[0m Reconnecting adb (target offline)
&amp#27;[38;5;48m[ADB]&amp#27;[0m Running '/users/punchh_divyanshu/Library/Android/sdk/platform-tools/adb -P 5037 reconnect offline'
&amp#27;[38;5;48m[ADB]&amp#27;[0m Getting connected devices
&amp#27;[38;5;48m[ADB]&amp#27;[0m No connected devices have been detected
&amp#27;[38;5;48m[ADB]&amp#27;[0m Could not find online devices
&amp#27;[38;5;48m[ADB]&amp#27;[0m Reconnecting adb (target offline)
&amp#27;[38;5;48m[ADB]&amp#27;[0m Running '/users/punchh_divyanshu/Library/Android/sdk/platform-tools/adb -P 5037 reconnect offline'
&amp#27;[38;5;48m[ADB]&amp#27;[0m Getting connected devices
&amp#27;[38;5;48m[ADB]&amp#27;[0m No connected devices have been detected
&amp#27;[38;5;48m[ADB]&amp#27;[0m Could not find online devices
&amp#27;[38;5;48m[ADB]&amp#27;[0m Reconnecting adb (target offline)
&amp#27;[38;5;48m[ADB]&amp#27;[0m Running '/users/punchh_divyanshu/Library/Android/sdk/platform-tools/adb -P 5037 reconnect offline'
&amp#27;[38;5;48m[ADB]&amp#27;[0m Getting connected devices
&amp#27;[38;5;48m[ADB]&amp#27;[0m No connected devices have been detected
&amp#27;[38;5;48m[ADB]&amp#27;[0m Could not find online devices
&amp#27;[38;5;48m[ADB]&amp#27;[0m Reconnecting adb (target offline)
&amp#27;[38;5;48m[ADB]&amp#27;[0m Running '/users/punchh_divyanshu/Library/Android/sdk/platform-tools/adb -P 5037 reconnect offline'
&amp#27;[38;5;48m[ADB]&amp#27;[0m Getting connected devices
&amp#27;[38;5;48m[ADB]&amp#27;[0m No connected devices have been detected
&amp#27;[38;5;48m[ADB]&amp#27;[0m Could not find online devices
&amp#27;[38;5;48m[ADB]&amp#27;[0m Reconnecting adb (target offline)
&amp#27;[38;5;48m[ADB]&amp#27;[0m Running '/users/punchh_divyanshu/Library/Android/sdk/platform-tools/adb -P 5037 reconnect offline'
&amp#27;[38;5;48m[ADB]&amp#27;[0m Getting connected devices
&amp#27;[38;5;48m[ADB]&amp#27;[0m No connected devices have been detected
&amp#27;[38;5;48m[ADB]&amp#27;[0m Could not find online devices
&amp#27;[38;5;48m[ADB]&amp#27;[0m Reconnecting adb (target offline)
&amp#27;[38;5;48m[ADB]&amp#27;[0m Running '/users/punchh_divyanshu/Library/Android/sdk/platform-tools/adb -P 5037 reconnect offline'
&amp#27;[38;5;48m[ADB]&amp#27;[0m Getting connected devices
&amp#27;[38;5;48m[ADB]&amp#27;[0m No connected devices have been detected
&amp#27;[38;5;48m[ADB]&amp#27;[0m Could not find online devices
&amp#27;[38;5;48m[ADB]&amp#27;[0m Reconnecting adb (target offline)
&amp#27;[38;5;48m[ADB]&amp#27;[0m Running '/users/punchh_divyanshu/Library/Android/sdk/platform-tools/adb -P 5037 reconnect offline'
&amp#27;[38;5;48m[ADB]&amp#27;[0m Getting connected devices
&amp#27;[38;5;48m[ADB]&amp#27;[0m No connected devices have been detected
&amp#27;[38;5;48m[ADB]&amp#27;[0m Could not find online devices
&amp#27;[38;5;48m[ADB]&amp#27;[0m Reconnecting adb (target offline)
&amp#27;[38;5;48m[ADB]&amp#27;[0m Running '/users/punchh_divyanshu/Library/Android/sdk/platform-tools/adb -P 5037 reconnect offline'
&amp#27;[38;5;48m[ADB]&amp#27;[0m Getting connected devices
&amp#27;[38;5;48m[ADB]&amp#27;[0m No connected devices have been detected
&amp#27;[38;5;48m[ADB]&amp#27;[0m Could not find online devices
&amp#27;[38;5;48m[ADB]&amp#27;[0m Reconnecting adb (target offline)
&amp#27;[38;5;48m[ADB]&amp#27;[0m Running '/users/punchh_divyanshu/Library/Android/sdk/platform-tools/adb -P 5037 reconnect offline'
&amp#27;[38;5;48m[ADB]&amp#27;[0m Getting connected devices
&amp#27;[38;5;48m[ADB]&amp#27;[0m No connected devices have been detected
&amp#27;[38;5;48m[ADB]&amp#27;[0m Could not find online devices
&amp#27;[38;5;48m[ADB]&amp#27;[0m Reconnecting adb (target offline)
&amp#27;[38;5;48m[ADB]&amp#27;[0m Running '/users/punchh_divyanshu/Library/Android/sdk/platform-tools/adb -P 5037 reconnect offline'
&amp#27;[38;5;48m[ADB]&amp#27;[0m Getting connected devices
&amp#27;[38;5;48m[ADB]&amp#27;[0m No connected devices have been detected
&amp#27;[38;5;48m[ADB]&amp#27;[0m Could not find online devices
&amp#27;[38;5;48m[ADB]&amp#27;[0m Reconnecting adb (target offline)
&amp#27;[38;5;48m[ADB]&amp#27;[0m Running '/users/punchh_divyanshu/Library/Android/sdk/platform-tools/adb -P 5037 reconnect offline'
&amp#27;[38;5;48m[ADB]&amp#27;[0m Getting connected devices
&amp#27;[38;5;48m[ADB]&amp#27;[0m No connected devices have been detected
&amp#27;[38;5;48m[ADB]&amp#27;[0m Could not find online devices
&amp#27;[38;5;48m[ADB]&amp#27;[0m Reconnecting adb (target offline)
&amp#27;[38;5;48m[ADB]&amp#27;[0m Running '/users/punchh_divyanshu/Library/Android/sdk/platform-tools/adb -P 5037 reconnect offline'
&amp#27;[38;5;48m[ADB]&amp#27;[0m Getting connected devices
&amp#27;[38;5;48m[ADB]&amp#27;[0m No connected devices have been detected
&amp#27;[38;5;48m[ADB]&amp#27;[0m Could not find online devices
&amp#27;[38;5;48m[ADB]&amp#27;[0m Reconnecting adb (target offline)
&amp#27;[38;5;48m[ADB]&amp#27;[0m Running '/users/punchh_divyanshu/Library/Android/sdk/platform-tools/adb -P 5037 reconnect offline'
&amp#27;[38;5;48m[ADB]&amp#27;[0m Getting connected devices
&amp#27;[38;5;48m[ADB]&amp#27;[0m No connected devices have been detected
&amp#27;[38;5;48m[ADB]&amp#27;[0m Could not find online devices
&amp#27;[38;5;48m[ADB]&amp#27;[0m Reconnecting adb (target offline)
&amp#27;[38;5;48m[ADB]&amp#27;[0m Running '/users/punchh_divyanshu/Library/Android/sdk/platform-tools/adb -P 5037 reconnect offline'
&amp#27;[38;5;48m[ADB]&amp#27;[0m Getting connected devices
&amp#27;[38;5;48m[ADB]&amp#27;[0m No connected devices have been detected
&amp#27;[38;5;48m[ADB]&amp#27;[0m Could not find online devices
&amp#27;[38;5;48m[ADB]&amp#27;[0m Reconnecting adb (target offline)
&amp#27;[38;5;48m[ADB]&amp#27;[0m Running '/users/punchh_divyanshu/Library/Android/sdk/platform-tools/adb -P 5037 reconnect offline'
&amp#27;[38;5;48m[ADB]&amp#27;[0m Getting connected devices
&amp#27;[38;5;48m[ADB]&amp#27;[0m No connected devices have been detected
&amp#27;[38;5;48m[ADB]&amp#27;[0m Could not find online devices
&amp#27;[38;5;48m[ADB]&amp#27;[0m Reconnecting adb (target offline)
&amp#27;[38;5;48m[ADB]&amp#27;[0m Running '/users/punchh_divyanshu/Library/Android/sdk/platform-tools/adb -P 5037 reconnect offline'
&amp#27;[38;5;48m[ADB]&amp#27;[0m Getting connected devices
&amp#27;[38;5;48m[ADB]&amp#27;[0m No connected devices have been detected
&amp#27;[38;5;48m[ADB]&amp#27;[0m Could not find online devices
&amp#27;[38;5;48m[ADB]&amp#27;[0m Reconnecting adb (target offline)
&amp#27;[38;5;48m[ADB]&amp#27;[0m Running '/users/punchh_divyanshu/Library/Android/sdk/platform-tools/adb -P 5037 reconnect offline'
&amp#27;[38;5;48m[ADB]&amp#27;[0m Getting connected devices
&amp#27;[38;5;48m[ADB]&amp#27;[0m No connected devices have been detected
&amp#27;[38;5;48m[ADB]&amp#27;[0m Could not find online devices
&amp#27;[38;5;48m[ADB]&amp#27;[0m Reconnecting adb (target offline)
&amp#27;[38;5;48m[ADB]&amp#27;[0m Running '/users/punchh_divyanshu/Library/Android/sdk/platform-tools/adb -P 5037 reconnect offline'
&amp#27;[38;5;48m[ADB]&amp#27;[0m Getting connected devices
&amp#27;[38;5;48m[ADB]&amp#27;[0m No connected devices have been detected
&amp#27;[38;5;48m[ADB]&amp#27;[0m Could not find online devices
&amp#27;[38;5;48m[ADB]&amp#27;[0m Reconnecting adb (target offline)
&amp#27;[38;5;48m[ADB]&amp#27;[0m Running '/users/punchh_divyanshu/Library/Android/sdk/platform-tools/adb -P 5037 reconnect offline'
&amp#27;[38;5;48m[ADB]&amp#27;[0m Getting connected devices
&amp#27;[38;5;48m[ADB]&amp#27;[0m No connected devices have been detected
&amp#27;[38;5;48m[ADB]&amp#27;[0m Could not find online devices
&amp#27;[38;5;48m[ADB]&amp#27;[0m Reconnecting adb (target offline)
&amp#27;[38;5;48m[ADB]&amp#27;[0m Running '/users/punchh_divyanshu/Library/Android/sdk/platform-tools/adb -P 5037 reconnect offline'
&amp#27;[38;5;48m[ADB]&amp#27;[0m Getting connected devices
&amp#27;[38;5;48m[ADB]&amp#27;[0m No connected devices have been detected
&amp#27;[38;5;48m[ADB]&amp#27;[0m Could not find online devices
&amp#27;[38;5;48m[ADB]&amp#27;[0m Reconnecting adb (target offline)
&amp#27;[38;5;48m[ADB]&amp#27;[0m Running '/users/punchh_divyanshu/Library/Android/sdk/platform-tools/adb -P 5037 reconnect offline'
&amp#27;[38;5;48m[ADB]&amp#27;[0m Getting connected devices
&amp#27;[38;5;48m[ADB]&amp#27;[0m No connected devices have been detected
&amp#27;[38;5;48m[ADB]&amp#27;[0m Could not find online devices
&amp#27;[38;5;48m[ADB]&amp#27;[0m Reconnecting adb (target offline)
&amp#27;[38;5;48m[ADB]&amp#27;[0m Running '/users/punchh_divyanshu/Library/Android/sdk/platform-tools/adb -P 5037 reconnect offline'
&amp#27;[38;5;48m[ADB]&amp#27;[0m Getting connected devices
&amp#27;[38;5;48m[ADB]&amp#27;[0m No connected devices have been detected
&amp#27;[38;5;48m[ADB]&amp#27;[0m Could not find online devices
&amp#27;[38;5;48m[ADB]&amp#27;[0m Reconnecting adb (target offline)
&amp#27;[38;5;48m[ADB]&amp#27;[0m Running '/users/punchh_divyanshu/Library/Android/sdk/platform-tools/adb -P 5037 reconnect offline'
&amp#27;[38;5;48m[ADB]&amp#27;[0m Getting connected devices
&amp#27;[38;5;48m[ADB]&amp#27;[0m No connected devices have been detected
&amp#27;[38;5;48m[ADB]&amp#27;[0m Could not find online devices
&amp#27;[38;5;48m[ADB]&amp#27;[0m Reconnecting adb (target offline)
&amp#27;[38;5;48m[ADB]&amp#27;[0m Running '/users/punchh_divyanshu/Library/Android/sdk/platform-tools/adb -P 5037 reconnect offline'
&amp#27;[38;5;48m[ADB]&amp#27;[0m Getting connected devices
&amp#27;[38;5;48m[ADB]&amp#27;[0m No connected devices have been detected
&amp#27;[38;5;48m[ADB]&amp#27;[0m Could not find online devices
&amp#27;[38;5;48m[ADB]&amp#27;[0m Reconnecting adb (target offline)
&amp#27;[38;5;48m[ADB]&amp#27;[0m Running '/users/punchh_divyanshu/Library/Android/sdk/platform-tools/adb -P 5037 reconnect offline'
&amp#27;[38;5;48m[ADB]&amp#27;[0m Getting connected devices
&amp#27;[38;5;48m[ADB]&amp#27;[0m No connected devices have been detected
&amp#27;[38;5;48m[ADB]&amp#27;[0m Could not find online devices
&amp#27;[38;5;48m[ADB]&amp#27;[0m Reconnecting adb (target offline)
&amp#27;[38;5;48m[ADB]&amp#27;[0m Running '/users/punchh_divyanshu/Library/Android/sdk/platform-tools/adb -P 5037 reconnect offline'
&amp#27;[38;5;48m[ADB]&amp#27;[0m Getting connected devices
&amp#27;[38;5;48m[ADB]&amp#27;[0m No connected devices have been detected
&amp#27;[38;5;48m[ADB]&amp#27;[0m Could not find online devices
&amp#27;[38;5;48m[ADB]&amp#27;[0m Reconnecting adb (target offline)
&amp#27;[38;5;48m[ADB]&amp#27;[0m Running '/users/punchh_divyanshu/Library/Android/sdk/platform-tools/adb -P 5037 reconnect offline'
&amp#27;[38;5;48m[ADB]&amp#27;[0m Getting connected devices
&amp#27;[38;5;48m[ADB]&amp#27;[0m No connected devices have been detected
&amp#27;[38;5;48m[ADB]&amp#27;[0m Could not find online devices
&amp#27;[38;5;48m[ADB]&amp#27;[0m Reconnecting adb (target offline)
&amp#27;[38;5;48m[ADB]&amp#27;[0m Running '/users/punchh_divyanshu/Library/Android/sdk/platform-tools/adb -P 5037 reconnect offline'
&amp#27;[38;5;48m[ADB]&amp#27;[0m Getting connected devices
&amp#27;[38;5;48m[ADB]&amp#27;[0m No connected devices have been detected
&amp#27;[38;5;48m[ADB]&amp#27;[0m Could not find online devices
&amp#27;[38;5;48m[ADB]&amp#27;[0m Reconnecting adb (target offline)
&amp#27;[38;5;48m[ADB]&amp#27;[0m Running '/users/punchh_divyanshu/Library/Android/sdk/platform-tools/adb -P 5037 reconnect offline'
&amp#27;[38;5;48m[ADB]&amp#27;[0m Getting connected devices
&amp#27;[38;5;48m[ADB]&amp#27;[0m No connected devices have been detected
&amp#27;[38;5;48m[ADB]&amp#27;[0m Could not find online devices
&amp#27;[38;5;48m[ADB]&amp#27;[0m Reconnecting adb (target offline)
&amp#27;[38;5;48m[ADB]&amp#27;[0m Running '/users/punchh_divyanshu/Library/Android/sdk/platform-tools/adb -P 5037 reconnect offline'
&amp#27;[38;5;48m[ADB]&amp#27;[0m Getting connected devices
&amp#27;[38;5;48m[ADB]&amp#27;[0m No connected devices have been detected
&amp#27;[38;5;48m[ADB]&amp#27;[0m Could not find online devices
&amp#27;[38;5;48m[ADB]&amp#27;[0m Reconnecting adb (target offline)
&amp#27;[38;5;48m[ADB]&amp#27;[0m Running '/users/punchh_divyanshu/Library/Android/sdk/platform-tools/adb -P 5037 reconnect offline'
&amp#27;[38;5;48m[ADB]&amp#27;[0m Getting connected devices
&amp#27;[38;5;48m[ADB]&amp#27;[0m No connected devices have been detected
&amp#27;[38;5;48m[ADB]&amp#27;[0m Could not find online devices
&amp#27;[38;5;48m[ADB]&amp#27;[0m Reconnecting adb (target offline)
&amp#27;[38;5;48m[ADB]&amp#27;[0m Running '/users/punchh_divyanshu/Library/Android/sdk/platform-tools/adb -P 5037 reconnect offline'
&amp#27;[38;5;48m[ADB]&amp#27;[0m Getting connected devices
&amp#27;[38;5;48m[ADB]&amp#27;[0m No connected devices have been detected
&amp#27;[38;5;48m[ADB]&amp#27;[0m Could not find online devices
&amp#27;[38;5;48m[ADB]&amp#27;[0m Reconnecting adb (target offline)
&amp#27;[38;5;48m[ADB]&amp#27;[0m Running '/users/punchh_divyanshu/Library/Android/sdk/platform-tools/adb -P 5037 reconnect offline'
&amp#27;[38;5;48m[ADB]&amp#27;[0m Getting connected devices
&amp#27;[38;5;48m[ADB]&amp#27;[0m No connected devices have been detected
&amp#27;[38;5;48m[ADB]&amp#27;[0m Could not find online devices
&amp#27;[38;5;48m[ADB]&amp#27;[0m Reconnecting adb (target offline)
&amp#27;[38;5;48m[ADB]&amp#27;[0m Running '/users/punchh_divyanshu/Library/Android/sdk/platform-tools/adb -P 5037 reconnect offline'
&amp#27;[38;5;48m[ADB]&amp#27;[0m Getting connected devices
&amp#27;[38;5;48m[ADB]&amp#27;[0m No connected devices have been detected
&amp#27;[38;5;48m[ADB]&amp#27;[0m Could not find online devices
&amp#27;[38;5;48m[ADB]&amp#27;[0m Reconnecting adb (target offline)
&amp#27;[38;5;48m[ADB]&amp#27;[0m Running '/users/punchh_divyanshu/Library/Android/sdk/platform-tools/adb -P 5037 reconnect offline'
&amp#27;[38;5;48m[ADB]&amp#27;[0m Getting connected devices
&amp#27;[38;5;48m[ADB]&amp#27;[0m No connected devices have been detected
[...]
&amp#27;[38;5;64m[XCUITestDriver@9a40 (9260f4af)]&amp#27;[0m Executing command 'getCurrentContext'
&amp#27;[38;5;64m[XCUITestDriver@9a40 (9260f4af)]&amp#27;[0m Responding to client with driver.getCurrentContext() result: "NATIVE_APP"
&amp#27;[38;5;0m[HTTP]&amp#27;[0m <-- GET /session/9260f4af-a716-46f7-8429-3bd26b412a6d/context 200 2 ms - 22
&amp#27;[38;5;0m[HTTP]&amp#27;[0m 
&amp#27;[38;5;0m[HTTP]&amp#27;[0m &amp#27;[37m-->&amp#27;[39m &amp#27;[37mPOST&amp#27;[39m &amp#27;[37m/session/9260f4af-a716-46f7-8429-3bd26b412a6d/element&amp#27;[39m
&amp#27;[38;5;0m[HTTP]&amp#27;[0m {"using":"id","value":"OK"}
&amp#27;[38;5;64m[XCUITestDriver@9a40 (9260f4af)]&amp#27;[0m Calling AppiumDriver.findElement() with args: ["id","OK","9260f4af-a716-46f7-8429-3bd26b412a6d"]
&amp#27;[38;5;64m[XCUITestDriver@9a40 (9260f4af)]&amp#27;[0m Executing command 'findElement'
&amp#27;[38;5;64m[XCUITestDriver@9a40 (9260f4af)]&amp#27;[0m Valid locator strategies for this request: xpath, id, name, class name, -ios predicate string, -ios class chain, accessibility id, css selector
&amp#27;[38;5;64m[XCUITestDriver@9a40 (9260f4af)]&amp#27;[0m Waiting up to 2300000 ms for condition
&amp#27;[38;5;64m[XCUITestDriver@9a40 (9260f4af)]&amp#27;[0m Matched '/element' to command name 'findElement'
&amp#27;[38;5;64m[XCUITestDriver@9a40 (9260f4af)]&amp#27;[0m Proxying [POST /element] to [POST http://127.0.0.1:8100/session/91B54024-A7AB-42F1-B1E5-19D45140936D/element] with body: {"using":"id","value":"OK"}
&amp#27;[38;5;64m[XCUITestDriver@9a40 (9260f4af)]&amp#27;[0m Got response with status 200: {"value":{"ELEMENT":"2C010000-0000-0000-7D19-000000000000","element-6066-11e4-a52e-4f735466cecf":"2C010000-0000-0000-7D19-000000000000"},"sessionId":"91B54024-A7AB-42F1-B1E5-19D45140936D"}
&amp#27;[38;5;64m[XCUITestDriver@9a40 (9260f4af)]&amp#27;[0m Responding to client with driver.findElement() result: {"element-6066-11e4-a52e-4f735466cecf":"2C010000-0000-0000-7D19-000000000000","ELEMENT":"2C010000-0000-0000-7D19-000000000000"}
&amp#27;[38;5;0m[HTTP]&amp#27;[0m <-- POST /session/9260f4af-a716-46f7-8429-3bd26b412a6d/element 200 136 ms - 137
&amp#27;[38;5;0m[HTTP]&amp#27;[0m 
&amp#27;[38;5;0m[HTTP]&amp#27;[0m &amp#27;[37m-->&amp#27;[39m &amp#27;[37mPOST&amp#27;[39m &amp#27;[37m/session/9260f4af-a716-46f7-8429-3bd26b412a6d/element/2C010000-0000-0000-7D19-000000000000/click&amp#27;[39m
&amp#27;[38;5;0m[HTTP]&amp#27;[0m {"id":"2C010000-0000-0000-7D19-000000000000"}
&amp#27;[38;5;64m[XCUITestDriver@9a40 (9260f4af)]&amp#27;[0m Driver proxy active, passing request on via HTTP proxy
&amp#27;[38;5;64m[XCUITestDriver@9a40 (9260f4af)]&amp#27;[0m Executing command 'proxyReqRes'
&amp#27;[38;5;64m[XCUITestDriver@9a40 (9260f4af)]&amp#27;[0m Matched '/session/9260f4af-a716-46f7-8429-3bd26b412a6d/element/2C010000-0000-0000-7D19-000000000000/click' to command name 'click'
&amp#27;[38;5;64m[XCUITestDriver@9a40 (9260f4af)]&amp#27;[0m Proxying [POST /session/9260f4af-a716-46f7-8429-3bd26b412a6d/element/2C010000-0000-0000-7D19-000000000000/click] to [POST http://127.0.0.1:8100/session/91B54024-A7AB-42F1-B1E5-19D45140936D/element/2C010000-0000-0000-7D19-000000000000/click] with body: {"id":"2C010000-0000-0000-7D19-000000000000"}
&amp#27;[38;5;64m[XCUITestDriver@9a40 (9260f4af)]&amp#27;[0m Got response with status 200: {"value":null,"sessionId":"91B54024-A7AB-42F1-B1E5-19D45140936D"}
&amp#27;[38;5;64m[XCUITestDriver@9a40 (9260f4af)]&amp#27;[0m Replacing sessionId 91B54024-A7AB-42F1-B1E5-19D45140936D with 9260f4af-a716-46f7-8429-3bd26b412a6d
&amp#27;[38;5;0m[HTTP]&amp#27;[0m <-- POST /session/9260f4af-a716-46f7-8429-3bd26b412a6d/element/2C010000-0000-0000-7D19-000000000000/click 200 754 ms - 65
&amp#27;[38;5;0m[HTTP]&amp#27;[0m 
&amp#27;[38;5;0m[HTTP]&amp#27;[0m &amp#27;[37m-->&amp#27;[39m &amp#27;[37mGET&amp#27;[39m &amp#27;[37m/session/9260f4af-a716-46f7-8429-3bd26b412a6d/context&amp#27;[39m
&amp#27;[38;5;0m[HTTP]&amp#27;[0m {}
&amp#27;[38;5;64m[XCUITestDriver@9a40 (9260f4af)]&amp#27;[0m Calling AppiumDriver.getCurrentContext() with args: ["9260f4af-a716-46f7-8429-3bd26b412a6d"]
&amp#27;[38;5;64m[XCUITestDriver@9a40 (9260f4af)]&amp#27;[0m Executing command 'getCurrentContext'
&amp#27;[38;5;64m[XCUITestDriver@9a40 (9260f4af)]&amp#27;[0m Responding to client with driver.getCurrentContext() result: "NATIVE_APP"
&amp#27;[38;5;0m[HTTP]&amp#27;[0m <-- GET /session/9260f4af-a716-46f7-8429-3bd26b412a6d/context 200 2 ms - 22
&amp#27;[38;5;0m[HTTP]&amp#27;[0m 
&amp#27;[38;5;0m[HTTP]&amp#27;[0m &amp#27;[37m-->&amp#27;[39m &amp#27;[37mPOST&amp#27;[39m &amp#27;[37m/session/9260f4af-a716-46f7-8429-3bd26b412a6d/element&amp#27;[39m
&amp#27;[38;5;0m[HTTP]&amp#27;[0m {"using":"accessibility id","value":"Alert Views"}
&amp#27;[38;5;64m[XCUITestDriver@9a40 (9260f4af)]&amp#27;[0m Calling AppiumDriver.findElement() with args: ["accessibility id","Alert Views","9260f4af-a716-46f7-8429-3bd26b412a6d"]
&amp#27;[38;5;64m[XCUITestDriver@9a40 (9260f4af)]&amp#27;[0m Executing command 'findElement'
&amp#27;[38;5;64m[XCUITestDriver@9a40 (9260f4af)]&amp#27;[0m Valid locator strategies for this request: xpath, id, name, class name, -ios predicate string, -ios class chain, accessibility id, css selector
&amp#27;[38;5;64m[XCUITestDriver@9a40 (9260f4af)]&amp#27;[0m Waiting up to 2300000 ms for condition
&amp#27;[38;5;64m[XCUITestDriver@9a40 (9260f4af)]&amp#27;[0m Matched '/element' to command name 'findElement'
&amp#27;[38;5;64m[XCUITestDriver@9a40 (9260f4af)]&amp#27;[0m Proxying [POST /element] to [POST http://127.0.0.1:8100/session/91B54024-A7AB-42F1-B1E5-19D45140936D/element] with body: {"using":"accessibility id","value":"Alert Views"}
&amp#27;[38;5;64m[XCUITestDriver@9a40 (9260f4af)]&amp#27;[0m Got response with status 200: {"value":{"ELEMENT":"0A000000-0000-0000-7D19-000000000000","element-6066-11e4-a52e-4f735466cecf":"0A000000-0000-0000-7D19-000000000000"},"sessionId":"91B54024-A7AB-42F1-B1E5-19D45140936D"}
&amp#27;[38;5;64m[XCUITestDriver@9a40 (9260f4af)]&amp#27;[0m Responding to client with driver.findElement() result: {"element-6066-11e4-a52e-4f735466cecf":"0A000000-0000-0000-7D19-000000000000","ELEMENT":"0A000000-0000-0000-7D19-000000000000"}
&amp#27;[38;5;0m[HTTP]&amp#27;[0m <-- POST /session/9260f4af-a716-46f7-8429-3bd26b412a6d/element 200 158 ms - 137
&amp#27;[38;5;0m[HTTP]&amp#27;[0m 
&amp#27;[38;5;0m[HTTP]&amp#27;[0m &amp#27;[37m-->&amp#27;[39m &amp#27;[37mPOST&amp#27;[39m &amp#27;[37m/session/9260f4af-a716-46f7-8429-3bd26b412a6d/element/0A000000-0000-0000-7D19-000000000000/click&amp#27;[39m
&amp#27;[38;5;0m[HTTP]&amp#27;[0m {"id":"0A000000-0000-0000-7D19-000000000000"}
&amp#27;[38;5;64m[XCUITestDriver@9a40 (9260f4af)]&amp#27;[0m Driver proxy active, passing request on via HTTP proxy
&amp#27;[38;5;64m[XCUITestDriver@9a40 (9260f4af)]&amp#27;[0m Executing command 'proxyReqRes'
&amp#27;[38;5;64m[XCUITestDriver@9a40 (9260f4af)]&amp#27;[0m Matched '/session/9260f4af-a716-46f7-8429-3bd26b412a6d/element/0A000000-0000-0000-7D19-000000000000/click' to command name 'click'
&amp#27;[38;5;64m[XCUITestDriver@9a40 (9260f4af)]&amp#27;[0m Proxying [POST /session/9260f4af-a716-46f7-8429-3bd26b412a6d/element/0A000000-0000-0000-7D19-000000000000/click] to [POST http://127.0.0.1:8100/session/91B54024-A7AB-42F1-B1E5-19D45140936D/element/0A000000-0000-0000-7D19-000000000000/click] with body: {"id":"0A000000-0000-0000-7D19-000000000000"}
&amp#27;[38;5;64m[XCUITestDriver@9a40 (9260f4af)]&amp#27;[0m Got response with status 200: {"value":null,"sessionId":"91B54024-A7AB-42F1-B1E5-19D45140936D"}
&amp#27;[38;5;64m[XCUITestDriver@9a40 (9260f4af)]&amp#27;[0m Replacing sessionId 91B54024-A7AB-42F1-B1E5-19D45140936D with 9260f4af-a716-46f7-8429-3bd26b412a6d
&amp#27;[38;5;0m[HTTP]&amp#27;[0m <-- POST /session/9260f4af-a716-46f7-8429-3bd26b412a6d/element/0A000000-0000-0000-7D19-000000000000/click 200 503 ms - 65
&amp#27;[38;5;0m[HTTP]&amp#27;[0m 
&amp#27;[38;5;0m[HTTP]&amp#27;[0m &amp#27;[37m-->&amp#27;[39m &amp#27;[37mGET&amp#27;[39m &amp#27;[37m/session/9260f4af-a716-46f7-8429-3bd26b412a6d/context&amp#27;[39m
&amp#27;[38;5;0m[HTTP]&amp#27;[0m {}
&amp#27;[38;5;64m[XCUITestDriver@9a40 (9260f4af)]&amp#27;[0m Calling AppiumDriver.getCurrentContext() with args: ["9260f4af-a716-46f7-8429-3bd26b412a6d"]
&amp#27;[38;5;64m[XCUITestDriver@9a40 (9260f4af)]&amp#27;[0m Executing command 'getCurrentContext'
&amp#27;[38;5;64m[XCUITestDriver@9a40 (9260f4af)]&amp#27;[0m Responding to client with driver.getCurrentContext() result: "NATIVE_APP"
&amp#27;[38;5;0m[HTTP]&amp#27;[0m <-- GET /session/9260f4af-a716-46f7-8429-3bd26b412a6d/context 200 1 ms - 22
&amp#27;[38;5;0m[HTTP]&amp#27;[0m 
&amp#27;[38;5;0m[HTTP]&amp#27;[0m &amp#27;[37m-->&amp#27;[39m &amp#27;[37mPOST&amp#27;[39m &amp#27;[37m/session/9260f4af-a716-46f7-8429-3bd26b412a6d/element&amp#27;[39m
&amp#27;[38;5;0m[HTTP]&amp#27;[0m {"using":"-ios predicate string","value":"type ==  'XCUIElementTypeStaticText' AND value BEGINSWITH[c] 'Confirm'"}
&amp#27;[38;5;64m[XCUITestDriver@9a40 (9260f4af)]&amp#27;[0m Calling AppiumDriver.findElement() with args: ["-ios predicate string","type ==  'XCUIElementTypeStaticText' AND value BEGINSWITH[c] 'Confirm'","9260f4af-a716-46f7-8429-3bd26b412a6d"]
&amp#27;[38;5;64m[XCUITestDriver@9a40 (9260f4af)]&amp#27;[0m Executing command 'findElement'
&amp#27;[38;5;64m[XCUITestDriver@9a40 (9260f4af)]&amp#27;[0m Valid locator strategies for this request: xpath, id, name, class name, -ios predicate string, -ios class chain, accessibility id, css selector
&amp#27;[38;5;64m[XCUITestDriver@9a40 (9260f4af)]&amp#27;[0m Waiting up to 2300000 ms for condition
&amp#27;[38;5;64m[XCUITestDriver@9a40 (9260f4af)]&amp#27;[0m Matched '/element' to command name 'findElement'
&amp#27;[38;5;64m[XCUITestDriver@9a40 (9260f4af)]&amp#27;[0m Proxying [POST /element] to [POST http://127.0.0.1:8100/session/91B54024-A7AB-42F1-B1E5-19D45140936D/element] with body: {"using":"predicate string","value":"type ==  'XCUIElementTypeStaticText' AND value BEGINSWITH[c] 'Confirm'"}
&amp#27;[38;5;64m[XCUITestDriver@9a40 (9260f4af)]&amp#27;[0m Got response with status 200: {"value":{"ELEMENT":"C5000000-0000-0000-7D19-000000000000","element-6066-11e4-a52e-4f735466cecf":"C5000000-0000-0000-7D19-000000000000"},"sessionId":"91B54024-A7AB-42F1-B1E5-19D45140936D"}
&amp#27;[38;5;64m[XCUITestDriver@9a40 (9260f4af)]&amp#27;[0m Responding to client with driver.findElement() result: {"element-6066-11e4-a52e-4f735466cecf":"C5000000-0000-0000-7D19-000000000000","ELEMENT":"C5000000-0000-0000-7D19-000000000000"}
&amp#27;[38;5;0m[HTTP]&amp#27;[0m <-- POST /session/9260f4af-a716-46f7-8429-3bd26b412a6d/element 200 96 ms - 137
&amp#27;[38;5;0m[HTTP]&amp#27;[0m 
&amp#27;[38;5;0m[HTTP]&amp#27;[0m &amp#27;[37m-->&amp#27;[39m &amp#27;[37mPOST&amp#27;[39m &amp#27;[37m/session/9260f4af-a716-46f7-8429-3bd26b412a6d/element/C5000000-0000-0000-7D19-000000000000/click&amp#27;[39m
&amp#27;[38;5;0m[HTTP]&amp#27;[0m {"id":"C5000000-0000-0000-7D19-000000000000"}
&amp#27;[38;5;64m[XCUITestDriver@9a40 (9260f4af)]&amp#27;[0m Driver proxy active, passing request on via HTTP proxy
&amp#27;[38;5;64m[XCUITestDriver@9a40 (9260f4af)]&amp#27;[0m Executing command 'proxyReqRes'
&amp#27;[38;5;64m[XCUITestDriver@9a40 (9260f4af)]&amp#27;[0m Matched '/session/9260f4af-a716-46f7-8429-3bd26b412a6d/element/C5000000-0000-0000-7D19-000000000000/click' to command name 'click'
&amp#27;[38;5;64m[XCUITestDriver@9a40 (9260f4af)]&amp#27;[0m Proxying [POST /session/9260f4af-a716-46f7-8429-3bd26b412a6d/element/C5000000-0000-0000-7D19-000000000000/click] to [POST http://127.0.0.1:8100/session/91B54024-A7AB-42F1-B1E5-19D45140936D/element/C5000000-0000-0000-7D19-000000000000/click] with body: {"id":"C5000000-0000-0000-7D19-000000000000"}
&amp#27;[38;5;64m[XCUITestDriver@9a40 (9260f4af)]&amp#27;[0m Got response with status 200: {"value":null,"sessionId":"91B54024-A7AB-42F1-B1E5-19D45140936D"}
&amp#27;[38;5;64m[XCUITestDriver@9a40 (9260f4af)]&amp#27;[0m Replacing sessionId 91B54024-A7AB-42F1-B1E5-19D45140936D with 9260f4af-a716-46f7-8429-3bd26b412a6d
&amp#27;[38;5;0m[HTTP]&amp#27;[0m <-- POST /session/9260f4af-a716-46f7-8429-3bd26b412a6d/element/C5000000-0000-0000-7D19-000000000000/click 200 667 ms - 65
&amp#27;[38;5;0m[HTTP]&amp#27;[0m 
&amp#27;[38;5;0m[HTTP]&amp#27;[0m &amp#27;[37m-->&amp#27;[39m &amp#27;[37mGET&amp#27;[39m &amp#27;[37m/session/9260f4af-a716-46f7-8429-3bd26b412a6d/context&amp#27;[39m
&amp#27;[38;5;0m[HTTP]&amp#27;[0m {}
&amp#27;[38;5;64m[XCUITestDriver@9a40 (9260f4af)]&amp#27;[0m Calling AppiumDriver.getCurrentContext() with args: ["9260f4af-a716-46f7-8429-3bd26b412a6d"]
&amp#27;[38;5;64m[XCUITestDriver@9a40 (9260f4af)]&amp#27;[0m Executing command 'getCurrentContext'
&amp#27;[38;5;64m[XCUITestDriver@9a40 (9260f4af)]&amp#27;[0m Responding to client with driver.getCurrentContext() result: "NATIVE_APP"
&amp#27;[38;5;0m[HTTP]&amp#27;[0m <-- GET /session/9260f4af-a716-46f7-8429-3bd26b412a6d/context 200 2 ms - 22
&amp#27;[38;5;0m[HTTP]&amp#27;[0m 
&amp#27;[38;5;0m[HTTP]&amp#27;[0m &amp#27;[37m-->&amp#27;[39m &amp#27;[37mPOST&amp#27;[39m &amp#27;[37m/session/9260f4af-a716-46f7-8429-3bd26b412a6d/element&amp#27;[39m
&amp#27;[38;5;0m[HTTP]&amp#27;[0m {"using":"-ios predicate string","value":"type ==  'XCUIElementTypeStaticText' AND value BEGINSWITH[c] 'A message'"}
&amp#27;[38;5;64m[XCUITestDriver@9a40 (9260f4af)]&amp#27;[0m Calling AppiumDriver.findElement() with args: ["-ios predicate string","type ==  'XCUIElementTypeStaticText' AND value BEGINSWITH[c] 'A message'","9260f4af-a716-46f7-8429-3bd26b412a6d"]
&amp#27;[38;5;64m[XCUITestDriver@9a40 (9260f4af)]&amp#27;[0m Executing command 'findElement'
&amp#27;[38;5;64m[XCUITestDriver@9a40 (9260f4af)]&amp#27;[0m Valid locator strategies for this request: xpath, id, name, class name, -ios predicate string, -ios class chain, accessibility id, css selector
&amp#27;[38;5;64m[XCUITestDriver@9a40 (9260f4af)]&amp#27;[0m Waiting up to 2300000 ms for condition
&amp#27;[38;5;64m[XCUITestDriver@9a40 (9260f4af)]&amp#27;[0m Matched '/element' to command name 'findElement'
&amp#27;[38;5;64m[XCUITestDriver@9a40 (9260f4af)]&amp#27;[0m Proxying [POST /element] to [POST http://127.0.0.1:8100/session/91B54024-A7AB-42F1-B1E5-19D45140936D/element] with body: {"using":"predicate string","value":"type ==  'XCUIElementTypeStaticText' AND value BEGINSWITH[c] 'A message'"}
&amp#27;[38;5;64m[XCUITestDriver@9a40 (9260f4af)]&amp#27;[0m Got response with status 200: {"value":{"ELEMENT":"5F010000-0000-0000-7D19-000000000000","element-6066-11e4-a52e-4f735466cecf":"5F010000-0000-0000-7D19-000000000000"},"sessionId":"91B54024-A7AB-42F1-B1E5-19D45140936D"}
&amp#27;[38;5;64m[XCUITestDriver@9a40 (9260f4af)]&amp#27;[0m Responding to client with driver.findElement() result: {"element-6066-11e4-a52e-4f735466cecf":"5F010000-0000-0000-7D19-000000000000","ELEMENT":"5F010000-0000-0000-7D19-000000000000"}
&amp#27;[38;5;0m[HTTP]&amp#27;[0m <-- POST /session/9260f4af-a716-46f7-8429-3bd26b412a6d/element 200 95 ms - 137
&amp#27;[38;5;0m[HTTP]&amp#27;[0m 
&amp#27;[38;5;0m[HTTP]&amp#27;[0m &amp#27;[37m-->&amp#27;[39m &amp#27;[37mGET&amp#27;[39m &amp#27;[37m/session/9260f4af-a716-46f7-8429-3bd26b412a6d/element/5F010000-0000-0000-7D19-000000000000/text&amp#27;[39m
&amp#27;[38;5;0m[HTTP]&amp#27;[0m {}
&amp#27;[38;5;64m[XCUITestDriver@9a40 (9260f4af)]&amp#27;[0m Driver proxy active, passing request on via HTTP proxy
&amp#27;[38;5;64m[XCUITestDriver@9a40 (9260f4af)]&amp#27;[0m Executing command 'proxyReqRes'
&amp#27;[38;5;64m[XCUITestDriver@9a40 (9260f4af)]&amp#27;[0m Matched '/session/9260f4af-a716-46f7-8429-3bd26b412a6d/element/5F010000-0000-0000-7D19-000000000000/text' to command name 'getText'
&amp#27;[38;5;64m[XCUITestDriver@9a40 (9260f4af)]&amp#27;[0m Proxying [GET /session/9260f4af-a716-46f7-8429-3bd26b412a6d/element/5F010000-0000-0000-7D19-000000000000/text] to [GET http://127.0.0.1:8100/session/91B54024-A7AB-42F1-B1E5-19D45140936D/element/5F010000-0000-0000-7D19-000000000000/text] with no body
&amp#27;[38;5;64m[XCUITestDriver@9a40 (9260f4af)]&amp#27;[0m Got response with status 200: {"value":"A message should be a short, complete sentence.","sessionId":"91B54024-A7AB-42F1-B1E5-19D45140936D"}
&amp#27;[38;5;64m[XCUITestDriver@9a40 (9260f4af)]&amp#27;[0m Replacing sessionId 91B54024-A7AB-42F1-B1E5-19D45140936D with 9260f4af-a716-46f7-8429-3bd26b412a6d
&amp#27;[38;5;0m[HTTP]&amp#27;[0m <-- GET /session/9260f4af-a716-46f7-8429-3bd26b412a6d/element/5F010000-0000-0000-7D19-000000000000/text 200 52 ms - 110
&amp#27;[38;5;0m[HTTP]&amp#27;[0m 
&amp#27;[38;5;0m[HTTP]&amp#27;[0m &amp#27;[37m-->&amp#27;[39m &amp#27;[37mPOST&amp#27;[39m &amp#27;[37m/session/9260f4af-a716-46f7-8429-3bd26b412a6d/element&amp#27;[39m
&amp#27;[38;5;0m[HTTP]&amp#27;[0m {"using":"-ios predicate string","value":"label == 'Confirm'"}
&amp#27;[38;5;64m[XCUITestDriver@9a40 (9260f4af)]&amp#27;[0m Calling AppiumDriver.findElement() with args: ["-ios predicate string","label == 'Confirm'","9260f4af-a716-46f7-8429-3bd26b412a6d"]
&amp#27;[38;5;64m[XCUITestDriver@9a40 (9260f4af)]&amp#27;[0m Executing command 'findElement'
&amp#27;[38;5;64m[XCUITestDriver@9a40 (9260f4af)]&amp#27;[0m Valid locator strategies for this request: xpath, id, name, class name, -ios predicate string, -ios class chain, accessibility id, css selector
&amp#27;[38;5;64m[XCUITestDriver@9a40 (9260f4af)]&amp#27;[0m Waiting up to 2300000 ms for condition
&amp#27;[38;5;64m[XCUITestDriver@9a40 (9260f4af)]&amp#27;[0m Matched '/element' to command name 'findElement'
&amp#27;[38;5;64m[XCUITestDriver@9a40 (9260f4af)]&amp#27;[0m Proxying [POST /element] to [POST http://127.0.0.1:8100/session/91B54024-A7AB-42F1-B1E5-19D45140936D/element] with body: {"using":"predicate string","value":"label == 'Confirm'"}
&amp#27;[38;5;64m[XCUITestDriver@9a40 (9260f4af)]&amp#27;[0m Got response with status 200: {"value":{"ELEMENT":"60010000-0000-0000-7D19-000000000000","element-6066-11e4-a52e-4f735466cecf":"60010000-0000-0000-7D19-000000000000"},"sessionId":"91B54024-A7AB-42F1-B1E5-19D45140936D"}
&amp#27;[38;5;64m[XCUITestDriver@9a40 (9260f4af)]&amp#27;[0m Responding to client with driver.findElement() result: {"element-6066-11e4-a52e-4f735466cecf":"60010000-0000-0000-7D19-000000000000","ELEMENT":"60010000-0000-0000-7D19-000000000000"}
&amp#27;[38;5;0m[HTTP]&amp#27;[0m <-- POST /session/9260f4af-a716-46f7-8429-3bd26b412a6d/element 200 84 ms - 137
&amp#27;[38;5;0m[HTTP]&amp#27;[0m 
&amp#27;[38;5;0m[HTTP]&amp#27;[0m &amp#27;[37m-->&amp#27;[39m &amp#27;[37mPOST&amp#27;[39m &amp#27;[37m/session/9260f4af-a716-46f7-8429-3bd26b412a6d/element/60010000-0000-0000-7D19-000000000000/click&amp#27;[39m
&amp#27;[38;5;0m[HTTP]&amp#27;[0m {"id":"60010000-0000-0000-7D19-000000000000"}
&amp#27;[38;5;64m[XCUITestDriver@9a40 (9260f4af)]&amp#27;[0m Driver proxy active, passing request on via HTTP proxy
&amp#27;[38;5;64m[XCUITestDriver@9a40 (9260f4af)]&amp#27;[0m Executing command 'proxyReqRes'
&amp#27;[38;5;64m[XCUITestDriver@9a40 (9260f4af)]&amp#27;[0m Matched '/session/9260f4af-a716-46f7-8429-3bd26b412a6d/element/60010000-0000-0000-7D19-000000000000/click' to command name 'click'
&amp#27;[38;5;64m[XCUITestDriver@9a40 (9260f4af)]&amp#27;[0m Proxying [POST /session/9260f4af-a716-46f7-8429-3bd26b412a6d/element/60010000-0000-0000-7D19-000000000000/click] to [POST http://127.0.0.1:8100/session/91B54024-A7AB-42F1-B1E5-19D45140936D/element/60010000-0000-0000-7D19-000000000000/click] with body: {"id":"60010000-0000-0000-7D19-000000000000"}
&amp#27;[38;5;64m[XCUITestDriver@9a40 (9260f4af)]&amp#27;[0m Got response with status 200: {"value":null,"sessionId":"91B54024-A7AB-42F1-B1E5-19D45140936D"}
&amp#27;[38;5;64m[XCUITestDriver@9a40 (9260f4af)]&amp#27;[0m Replacing sessionId 91B54024-A7AB-42F1-B1E5-19D45140936D with 9260f4af-a716-46f7-8429-3bd26b412a6d
&amp#27;[38;5;0m[HTTP]&amp#27;[0m <-- POST /session/9260f4af-a716-46f7-8429-3bd26b412a6d/element/60010000-0000-0000-7D19-000000000000/click 200 593 ms - 65
&amp#27;[38;5;0m[HTTP]&amp#27;[0m 
]]></system-out>
  </testcase>
</testsuite>